IQ-TREE multicore version 1.6.12 for Mac OS X 64-bit built Aug 15 2019
Developed by Bui Quang Minh, Nguyen Lam Tung, Olga Chernomor,
Heiko Schmidt, Dominik Schrempf, Michael Woodhams.

Host:    Bens-Air.lan (SSE4.2, 8 GB RAM)
Command: /Users/bklementz/Desktop/iqtree-1.6.12-MacOSX/bin/iqtree -s 28S-aligned-mafft.fasta
Seed:    415265 (Using SPRNG - Scalable Parallel Random Number Generator)
Time:    Sun Apr 16 19:12:05 2023
Kernel:  SSE2 - 1 threads (8 CPU cores detected)

HINT: Use -nt option to specify number of threads because your CPU has 8 cores!
HINT: -nt AUTO will automatically determine the best number of threads to use.

Reading alignment file 28S-aligned-mafft.fasta ... Fasta format detected
Alignment most likely contains DNA/RNA sequences
Alignment has 169 sequences with 2441 columns, 896 distinct patterns
498 parsimony-informative, 220 singleton sites, 1723 constant sites
                          Gap/Ambiguity  Composition  p-value
   1  Zalmoxida                  16.96%    passed     48.55%
   2  Agoristenidae_DNA105839    30.36%    passed     99.18%
   3  Stygnopsidae_DNA104855      3.48%    passed     83.68%
   4  Assamiidae_DNA104857       52.48%    passed     11.18%
   5  Kimula                     80.25%    passed      8.01%
   6  Paktongius                  1.72%    passed     95.68%
   7  Assamiidae_DNA104859       20.16%    passed     80.02%
   8  Guasinia                   52.52%    passed      6.60%
   9  Icaleptes_DNA104053         1.47%    passed     96.05%
  10  Icaleptes                   1.52%    passed     97.06%
  11  Fissiphallius_DNA104055     1.47%    passed     88.71%
  12  Fissiphallius               1.47%    passed     89.90%
  13  Zalmoxis                    1.56%    passed     92.60%
  14  Ethobunus                   2.74%    passed     87.46%
  15  Stenostygnus_DNA104847      1.47%    passed     90.13%
  16  Stenostygnus_DNA104850     19.01%    passed     78.16%
  17  Stenostygnus_DNA104848     20.16%    passed     83.59%
  18  Stenostygnus_DNA104849     20.16%    passed     83.77%
  19  Fijicolana                 19.50%    passed     71.49%
  20  Pellobunus                  1.64%    passed     98.91%
  21  Glysterus                   1.52%    passed     94.40%
  22  Heterocranaus               1.52%    passed     95.02%
  23  Goniosoma                   3.32%    passed     96.49%
  24  Megapachylus                1.88%    passed     97.16%
  25  Zygopachylus                1.60%    passed     96.94%
  26  Stygnoplus                  1.52%    passed     93.16%
  27  IC_DNA103729                8.32%    passed     65.76%
  28  IC_DNA104071                1.80%    passed     90.84%
  29  IC_DNA104070                1.47%    passed     95.52%
  30  Karos                       1.47%    passed     98.37%
  31  Metalibitia                 1.64%    passed     93.81%
  32  Icaleptes_DNA104056         3.32%    passed     87.45%
  33  Metabiantes_DNA100703       1.47%    passed     98.58%
  34  Metabiantes_DNA100704       4.14%    passed     93.74%
  35  Cynortula                   1.97%    passed     96.12%
  36  Dongmoa                     1.47%    passed     82.07%
  37  Lomanius_DNA104935          1.52%    passed     71.95%
  38  Santobius_DNA104930         3.20%    passed     91.93%
  39  Santobius_DNA104931         3.20%    passed     93.28%
  40  Hoplobunus                 17.94%    passed     62.50%
  41  Stygnopsidae_DNA104856      1.47%    passed     94.87%
  42  Caenoncopus                 1.47%    passed     61.51%
  43  Sandokan                    1.47%    passed     68.52%
  44  Gnomulus                    1.52%    passed     89.51%
  45  Palaeoncopus                1.60%    passed     76.55%
  46  Lomanius_DNA104934          3.93%    passed     58.67%
  47  Conomma                     1.47%    passed     96.09%
  48  Mitraceras                  1.52%    passed     98.42%
  49  Haasus_sp                  22.41%    passed     76.90%
  50  Haasus_judaeus             49.04%    passed     15.67%
  51  IC_DNA102668                1.47%    passed     66.22%
  52  IC_DNA102669                3.24%    passed     71.04%
  53  Fissiphallius_DNA104057     3.36%    passed     80.98%
  54  Stygnommatidae_DNA105636    3.36%    passed     87.63%
  55  Epedanidae_DNA104861        1.56%    passed     98.92%
  56  Epedanidae_DNA104862        1.76%    passed     99.30%
  57  Trionyxella                 1.47%    passed     98.49%
  58  Equitius                    1.60%    passed     83.36%
  59  Triaenobunus                1.47%    passed     87.89%
  60  Larifuga                    1.52%    passed     81.38%
  61  Rostromontia               49.00%    passed     50.61%
  62  Peltonychia                 1.47%    passed     96.26%
  63  Santinezia                  5.00%    passed     92.35%
  64  Escadabius                  3.40%    passed     83.00%
  65  Arulla_DNA102666           22.98%    passed     92.74%
  66  Assamiidae_DNA104069       21.38%    passed     90.40%
  67  Paraselenca                21.22%    passed     65.88%
  68  Jarmilana                  67.60%    passed     28.76%
  69  Minuella                   12.33%    passed     74.38%
  70  Erebomaster                49.61%    passed     35.38%
  71  IC_DNA103572                9.05%    passed     39.73%
  72  As009_Cam                  66.49%    passed     40.99%
  73  As045_Cam                  66.57%    passed     41.61%
  74  As011_Gab                  66.49%    passed     44.35%
  75  As025_Gab                  66.90%    passed     49.64%
  76  As056_Gab                  66.53%    passed     50.43%
  77  As069_Lib                  66.65%    passed     49.65%
  78  As027_Gab                  66.49%    passed     40.38%
  79  As018_Gab                  66.49%    passed     44.35%
  80  As021_Gab                  66.49%    passed     51.71%
  81  As104_EAus                 66.53%    passed     41.28%
  82  As032_Gab                  66.53%    passed     46.83%
  83  As039_Gab                  66.49%    passed     44.64%
  84  As059_Gab                  66.49%    passed     37.00%
  85  As070_Lib                  67.14%    passed     38.90%
  86  As058_Gab                  66.53%    passed     38.13%
  87  As101_NAus                 66.57%    passed     47.28%
  88  As040_Gab                  66.49%    passed     36.40%
  89  As031_Gab                  66.49%    passed     42.36%
  90  As103_NAus                 67.68%    passed     25.96%
  91  As105_Phil                 66.49%    passed     26.37%
  92  As028_Gab                  66.90%    passed     53.70%
  93  As041_Gab                  66.49%    passed     52.29%
  94  As014_Gab                  68.46%    passed     27.48%
  95  As080_Indo                 66.57%    passed     69.39%
  96  As081_Indo                 66.78%    passed     66.10%
  97  As082_Cam                  66.65%    passed     69.51%
  98  As090_EAus                 66.49%    passed     72.59%
  99  As087_WAus                 66.53%    passed     76.97%
 100  As096_PNG                  66.49%    passed     79.25%
 101  As097_PNG                  66.73%    passed     78.91%
 102  As094_PNG                  66.65%    passed     70.19%
 103  As098_Phil                 66.53%    passed     71.45%
 104  As109_Thai                 66.82%    passed     56.37%
 105  As121_Laos                 66.94%    passed     54.17%
 106  As110_Laos                 66.90%    passed     57.58%
 107  As120_Thai                 66.49%    passed     52.29%
 108  As132_Mala                 66.57%    passed     57.90%
 109  As085_WAus                 66.57%    passed     69.71%
 110  As083_Cam                  68.21%    passed     46.08%
 111  As127_Laos                 67.31%    passed     54.01%
 112  As134_Viet                 66.49%    passed     66.02%
 113  As133_Indo                 66.86%    passed     69.25%
 114  As117_Thai                 66.53%    passed     77.67%
 115  As020_Gab                  66.49%    passed     24.05%
 116  As026_Gab                  66.49%    passed     21.76%
 117  As038_Gab                  66.53%    passed     23.06%
 118  As135_Viet                 66.98%    passed     40.14%
 119  Baculigerus                 8.56%    passed     97.50%
 120  Pseudoepedanus              8.60%    passed     99.49%
 121  Stygnomma                  26.59%    passed     62.84%
 122  Biantidae_DNA105668        27.73%    passed     74.35%
 123  Triaenonychidae             6.84%    passed     98.92%
 124  As092_EAus                 66.57%    passed     32.86%
 125  As099_Dibunus              65.22%    passed     45.15%
 126  Op104_Dibuninae            66.24%    passed     35.81%
 127  Op105_Dibunus              66.37%    passed     22.36%
 128  Op106_Toccolus             66.12%    passed     44.60%
 129  Op107_Nanepedanus_rufus    66.20%    passed     35.82%
 130  Op049_Beloniscus           66.33%    passed     69.35%
 131  Op103_Bupares              66.49%    passed     44.38%
 132  Stygnopsidae_DNA103882     29.25%    passed     97.13%
 133  Samoidae                   29.54%    passed     97.10%
 134  Theromaster                 5.57%    passed     96.63%
 135  Bunofagea                   4.63%    passed     87.00%
 136  Scotolemon                  1.52%    passed     92.46%
 137  Scotolemon_lespesi         49.04%    passed     73.02%
 138  Holoscotolemon             24.91%    passed     70.05%
 139  Trojanella                 56.12%    passed     13.32%
 140  As106_Thai                 66.94%    passed     72.58%
 141  As129_Laos                 80.34%    passed     63.80%
 142  As115_Thai                 66.57%    passed     67.38%
 143  As126_Laos                 67.02%    passed     65.96%
 144  As122_Laos                 67.35%    passed     58.54%
 145  As140_Viet                 67.23%    passed     57.10%
 146  As136_Viet                 66.61%    passed     66.39%
 147  As123_Viet                 67.23%    passed     60.03%
 148  As118_Thai                 66.69%    passed     73.99%
 149  As131_Mala                 66.78%    passed     59.09%
 150  Epedanidae_DNA104062       49.04%    passed     29.14%
 151  Epedanidae_DNA104066       29.29%    passed     93.72%
 152  Tithaeus                   29.86%    passed     98.90%
 153  Epedanidae_DNA104068       39.90%    passed     84.38%
 154  Chilon                     67.39%    passed     67.39%
 155  Metabiantes_DNA100335      34.08%    passed     26.77%
 156  Maiorerus                  87.14%    passed     45.32%
 157  Zuma                       88.00%    passed     46.98%
 158  Martensiellus               6.35%    passed     76.07%
 159  Synthetonychia             87.96%    passed     74.83%
 160  Bishopella                 34.62%    passed     97.64%
 161  Vonones                    87.18%    passed     16.55%
 162  Caddo                      87.14%    passed     36.22%
 163  Pantopsalis                49.12%    passed     70.86%
 164  Protolophus                 1.64%    passed     11.88%
 165  Dendrolasma                 2.13%    failed      0.49%
 166  Trogulus                    8.93%    failed      0.02%
 167  Hesperonemastoma            4.88%    failed      0.07%
 168  Troglosiro                 31.63%    passed     92.46%
 169  Fumontana                  40.39%    passed     78.98%
WARNING: 76 sequences contain more than 50% gaps/ambiguity
****  TOTAL                      37.15%  3 sequences failed composition chi2 test (p-value<5%; df=3)


Create initial parsimony tree by phylogenetic likelihood library (PLL)... 0.014 seconds
NOTE: ModelFinder requires 49 MB RAM!
ModelFinder will test 286 DNA models (sample size: 2441) ...
 No. Model         -LnL         df  AIC          AICc         BIC
  1  JC            18910.325    335 38490.649    38597.595    40433.704
  2  JC+I          17417.463    336 35506.926    35614.561    37455.781
  3  JC+G4         17005.312    336 34682.625    34790.260    36631.480
  4  JC+I+G4       16819.222    337 34312.444    34420.771    36267.099
  5  JC+R2         16929.835    337 34533.670    34641.998    36488.325
  6  JC+R3         16720.199    339 34118.397    34228.117    36084.653
  7  JC+R4         16690.355    341 34062.710    34173.831    36040.565
  8  JC+R5         16678.827    343 34043.653    34156.187    36033.109
  9  JC+R6         16667.728    345 34025.455    34139.412    36026.511
 10  JC+R7         16664.218    347 34022.437    34137.827    36035.093
 14  F81+F         18963.699    338 38603.399    38712.421    40563.854
 15  F81+F+I       17464.388    339 35606.777    35716.496    37573.032
 16  F81+F+G4      17059.543    339 34797.085    34906.804    36763.340
 17  F81+F+I+G4    16877.293    340 34434.586    34545.005    36406.641
 18  F81+F+R2      16984.521    340 34649.042    34759.461    36621.098
 19  F81+F+R3      16779.599    342 34243.198    34355.025    36226.854
 20  F81+F+R4      16750.385    344 34188.770    34302.014    36184.026
 21  F81+F+R5      16739.164    346 34170.327    34285.000    36177.184
 22  F81+F+R6      16728.416    348 34152.831    34268.942    36171.288
 23  F81+F+R7      16725.059    350 34150.119    34267.679    36180.176
 27  K2P           18614.088    336 37900.177    38007.812    39849.032
 28  K2P+I         17109.109    337 34892.218    35000.545    36846.873
 29  K2P+G4        16685.788    337 34045.575    34153.903    36000.230
 30  K2P+I+G4      16494.188    338 33664.376    33773.398    35624.832
 31  K2P+R2        16611.375    338 33898.751    34007.773    35859.206
 32  K2P+R3        16395.959    340 33471.919    33582.338    35443.974
 33  K2P+R4        16364.533    342 33413.065    33524.892    35396.721
 34  K2P+R5        16351.783    344 33391.565    33504.809    35386.821
 35  K2P+R6        16339.270    346 33370.539    33485.212    35377.396
 36  K2P+R7        16335.211    348 33366.423    33482.534    35384.880
 40  HKY+F         18663.674    339 38005.347    38115.067    39971.603
 41  HKY+F+I       17131.445    340 34942.890    35053.309    36914.946
 42  HKY+F+G4      16711.259    340 34102.517    34212.936    36074.573
 43  HKY+F+I+G4    16522.185    341 33726.369    33837.491    35704.225
 44  HKY+F+R2      16639.883    341 33961.766    34072.887    35939.622
 45  HKY+F+R3      16430.609    343 33547.217    33659.751    35536.673
 46  HKY+F+R4      16399.153    345 33488.306    33602.263    35489.362
 47  HKY+F+R5      16386.210    347 33466.421    33581.811    35479.077
 48  HKY+F+R6      16373.388    349 33444.776    33561.610    35469.033
 49  HKY+F+R7      16369.187    351 33440.374    33558.662    35476.231
 53  TNe           18543.377    337 37760.754    37869.082    39715.409
 54  TNe+I         17076.502    338 34829.003    34938.025    36789.458
 55  TNe+G4        16659.045    338 33994.090    34103.112    35954.545
 56  TNe+I+G4      16471.581    339 33621.161    33730.880    35587.416
 57  TNe+R2        16584.534    339 33847.068    33956.787    35813.324
 58  TNe+R3        16369.352    341 33420.703    33531.825    35398.559
 59  TNe+R4        16337.947    343 33361.894    33474.429    35351.350
 60  TNe+R5        16324.936    345 33339.872    33453.829    35340.928
 61  TNe+R6        16311.964    347 33317.928    33433.319    35330.585
 62  TNe+R7        16307.724    349 33313.448    33430.282    35337.705
 66  TN+F          18552.656    340 37785.311    37895.730    39757.367
 67  TN+F+I        17075.344    341 34832.688    34943.809    36810.543
 68  TN+F+G4       16651.578    341 33985.157    34096.278    35963.012
 69  TN+F+I+G4     16472.201    342 33628.403    33740.229    35612.059
 70  TN+F+R2       16583.394    342 33850.787    33962.614    35834.443
 71  TN+F+R3       16373.763    344 33435.526    33548.770    35430.782
 72  TN+F+R4       16342.195    346 33376.390    33491.062    35383.246
 73  TN+F+R5       16328.640    348 33353.280    33469.391    35371.737
 74  TN+F+R6       16314.940    350 33329.881    33447.441    35359.938
 75  TN+F+R7       16310.396    352 33324.793    33443.812    35366.450
 79  K3P           18613.869    337 37901.738    38010.065    39856.393
 80  K3P+I         17108.869    338 34893.738    35002.760    36854.193
 81  K3P+G4        16685.564    338 34047.128    34156.150    36007.584
 82  K3P+I+G4      16493.854    339 33665.709    33775.428    35631.964
 83  K3P+R2        16611.145    339 33900.289    34010.008    35866.544
 84  K3P+R3        16395.525    341 33473.051    33584.172    35450.906
 85  K3P+R4        16363.974    343 33413.948    33526.482    35403.404
 86  K3P+R5        16351.116    345 33392.232    33506.189    35393.288
 87  K3P+R6        16338.490    347 33370.981    33486.371    35383.637
 88  K3P+R7        16334.398    349 33366.795    33483.629    35391.052
 92  K3Pu+F        18662.990    340 38005.980    38116.399    39978.035
 93  K3Pu+F+I      17130.118    341 34942.236    35053.357    36920.091
 94  K3Pu+F+G4     16709.794    341 34101.589    34212.710    36079.445
 95  K3Pu+F+I+G4   16520.587    342 33725.174    33837.000    35708.829
 96  K3Pu+F+R2     16638.506    342 33961.013    34072.839    35944.668
 97  K3Pu+F+R3     16429.042    344 33546.085    33659.329    35541.341
 98  K3Pu+F+R4     16397.476    346 33486.953    33601.625    35493.809
 99  K3Pu+F+R5     16384.381    348 33464.761    33580.872    35483.218
100  K3Pu+F+R6     16371.407    350 33442.814    33560.374    35472.871
101  K3Pu+F+R7     16367.174    352 33438.348    33557.367    35480.006
105  TPM2+F        18660.246    340 38000.493    38110.912    39972.548
106  TPM2+F+I      17117.788    341 34917.575    35028.697    36895.431
107  TPM2+F+G4     16700.169    341 34082.338    34193.459    36060.193
108  TPM2+F+I+G4   16512.178    342 33708.357    33820.183    35692.013
109  TPM2+F+R2     16631.236    342 33946.472    34058.299    35930.128
110  TPM2+F+R3     16423.452    344 33534.904    33648.148    35530.160
111  TPM2+F+R4     16391.981    346 33475.961    33590.634    35482.818
112  TPM2+F+R5     16378.836    348 33453.672    33569.783    35472.128
113  TPM2+F+R6     16365.792    350 33431.583    33549.143    35461.640
114  TPM2+F+R7     16361.523    352 33427.046    33546.065    35468.703
118  TPM2u+F       18660.252    340 38000.504    38110.923    39972.559
119  TPM2u+F+I     17117.796    341 34917.592    35028.713    36895.447
120  TPM2u+F+G4    16700.172    341 34082.344    34193.465    36060.199
121  TPM2u+F+I+G4  16512.191    342 33708.381    33820.208    35692.037
122  TPM2u+F+R2    16631.259    342 33946.518    34058.345    35930.174
123  TPM2u+F+R3    16423.458    344 33534.915    33648.160    35530.171
124  TPM2u+F+R4    16391.983    346 33475.966    33590.639    35482.823
125  TPM2u+F+R5    16378.829    348 33453.658    33569.769    35472.115
126  TPM2u+F+R6    16365.777    350 33431.554    33549.114    35461.611
127  TPM2u+F+R7    16361.507    352 33427.014    33546.033    35468.671
131  TPM3+F        18656.213    340 37992.427    38102.846    39964.482
132  TPM3+F+I      17120.116    341 34922.231    35033.353    36900.087
133  TPM3+F+G4     16691.439    341 34064.878    34175.999    36042.733
134  TPM3+F+I+G4   16504.636    342 33693.271    33805.098    35676.927
135  TPM3+F+R2     16620.773    342 33925.546    34037.373    35909.202
136  TPM3+F+R3     16414.363    344 33516.726    33629.970    35511.982
137  TPM3+F+R4     16382.805    346 33457.611    33572.283    35464.467
138  TPM3+F+R5     16369.686    348 33435.372    33551.483    35453.829
139  TPM3+F+R6     16356.634    350 33413.267    33530.827    35443.325
140  TPM3+F+R7     16352.359    352 33408.718    33527.737    35450.376
144  TPM3u+F       18656.216    340 37992.432    38102.851    39964.487
145  TPM3u+F+I     17120.117    341 34922.234    35033.355    36900.090
146  TPM3u+F+G4    16691.440    341 34064.880    34176.002    36042.736
147  TPM3u+F+I+G4  16504.664    342 33693.329    33805.155    35676.984
148  TPM3u+F+R2    16620.764    342 33925.529    34037.355    35909.185
149  TPM3u+F+R3    16414.364    344 33516.727    33629.971    35511.983
150  TPM3u+F+R4    16382.806    346 33457.612    33572.284    35464.468
151  TPM3u+F+R5    16369.681    348 33435.363    33551.474    35453.820
152  TPM3u+F+R6    16356.628    350 33413.256    33530.816    35443.313
153  TPM3u+F+R7    16352.357    352 33408.714    33527.733    35450.371
157  TIMe          18543.187    338 37762.374    37871.396    39722.829
158  TIMe+I        17076.289    339 34830.578    34940.297    36796.833
159  TIMe+G4       16658.805    339 33995.611    34105.330    35961.866
160  TIMe+I+G4     16471.256    340 33622.512    33732.931    35594.568
161  TIMe+R2       16584.299    340 33848.598    33959.018    35820.654
162  TIMe+R3       16368.960    342 33421.921    33533.747    35405.577
163  TIMe+R4       16337.404    344 33362.807    33476.051    35358.063
164  TIMe+R5       16324.333    346 33340.667    33455.339    35347.523
165  TIMe+R6       16311.333    348 33318.665    33434.776    35337.122
166  TIMe+R7       16307.082    350 33314.164    33431.724    35344.221
170  TIM+F         18551.955    341 37785.911    37897.032    39763.766
171  TIM+F+I       17074.019    342 34832.038    34943.865    36815.694
172  TIM+F+G4      16649.956    342 33983.912    34095.739    35967.568
173  TIM+F+I+G4    16470.637    343 33627.273    33739.807    35616.729
174  TIM+F+R2      16581.926    343 33849.852    33962.386    35839.308
175  TIM+F+R3      16372.198    345 33434.395    33548.352    35435.451
176  TIM+F+R4      16340.444    347 33374.889    33490.279    35387.545
177  TIM+F+R5      16326.840    349 33351.681    33468.515    35375.937
178  TIM+F+R6      16313.062    351 33328.124    33446.413    35363.982
179  TIM+F+R7      16308.491    353 33322.981    33442.734    35370.439
183  TIM2e         18543.361    338 37762.722    37871.743    39723.177
184  TIM2e+I       17073.388    339 34824.777    34934.496    36791.032
185  TIM2e+G4      16657.693    339 33993.385    34103.104    35959.641
186  TIM2e+I+G4    16470.980    340 33621.960    33732.379    35594.016
187  TIM2e+R2      16583.969    340 33847.939    33958.358    35819.994
188  TIM2e+R3      16369.167    342 33422.333    33534.160    35405.989
189  TIM2e+R4      16337.653    344 33363.306    33476.551    35358.562
190  TIM2e+R5      16324.602    346 33341.203    33455.876    35348.060
191  TIM2e+R6      16311.580    348 33319.159    33435.270    35337.616
192  TIM2e+R7      16307.318    350 33314.635    33432.195    35344.693
196  TIM2+F        18549.275    341 37780.549    37891.671    39758.405
197  TIM2+F+I      17061.657    342 34807.313    34919.140    36790.969
198  TIM2+F+G4     16636.030    342 33956.060    34067.887    35939.716
199  TIM2+F+I+G4   16460.631    343 33607.262    33719.796    35596.718
200  TIM2+F+R2     16572.713    343 33831.427    33943.961    35820.883
201  TIM2+F+R3     16365.382    345 33420.764    33534.721    35421.820
202  TIM2+F+R4     16333.995    347 33361.990    33477.380    35374.646
203  TIM2+F+R5     16320.779    349 33339.558    33456.393    35363.815
204  TIM2+F+R6     16306.690    351 33315.379    33433.667    35351.236
205  TIM2+F+R7     16302.080    353 33310.160    33429.913    35357.617
209  TIM3e         18541.105    338 37758.209    37867.231    39718.664
210  TIM3e+I       17071.895    339 34821.789    34931.508    36788.045
211  TIM3e+G4      16652.638    339 33983.276    34092.995    35949.531
212  TIM3e+I+G4    16466.115    340 33612.230    33722.649    35584.286
213  TIM3e+R2      16577.723    340 33835.446    33945.865    35807.502
214  TIM3e+R3      16363.962    342 33411.924    33523.750    35395.579
215  TIM3e+R4      16332.278    344 33352.555    33465.800    35347.812
216  TIM3e+R5      16319.179    346 33330.358    33445.030    35337.214
217  TIM3e+R6      16306.156    348 33308.312    33424.423    35326.768
218  TIM3e+R7      16301.915    350 33303.830    33421.389    35333.887
222  TIM3+F        18545.078    341 37772.157    37883.278    39750.012
223  TIM3+F+I      17064.169    342 34812.338    34924.164    36795.994
224  TIM3+F+G4     16634.033    342 33952.067    34063.893    35935.722
225  TIM3+F+I+G4   16456.532    343 33599.065    33711.599    35588.521
226  TIM3+F+R2     16566.724    343 33819.448    33931.982    35808.904
227  TIM3+F+R3     16358.661    345 33407.321    33521.278    35408.378
228  TIM3+F+R4     16326.518    347 33347.035    33462.426    35359.692
229  TIM3+F+R5     16313.121    349 33324.242    33441.076    35348.499
230  TIM3+F+R6     16299.237    351 33300.474    33418.762    35336.331
231  TIM3+F+R7     16294.754    353 33295.507    33415.260    35342.965
235  TVMe          18611.706    339 37901.412    38011.131    39867.667
236  TVMe+I        17101.113    340 34882.226    34992.645    36854.281
237  TVMe+G4       16677.500    340 34035.000    34145.419    36007.055
238  TVMe+I+G4     16487.082    341 33656.163    33767.285    35634.019
239  TVMe+R2       16603.073    341 33888.146    33999.268    35866.002
240  TVMe+R3       16389.576    343 33465.152    33577.687    35454.608
241  TVMe+R4       16357.978    345 33405.955    33519.912    35407.011
242  TVMe+R5       16345.306    347 33384.611    33500.002    35397.268
243  TVMe+R6       16332.299    349 33362.599    33479.433    35386.856
244  TVMe+R7       16328.215    351 33358.430    33476.718    35394.287
248  TVM+F         18652.551    342 37989.103    38100.929    39972.758
249  TVM+F+I       17106.210    343 34898.420    35010.954    36887.876
250  TVM+F+G4      16680.076    343 34046.151    34158.685    36035.607
251  TVM+F+I+G4    16494.378    344 33676.756    33790.000    35672.012
252  TVM+F+R2      16611.802    344 33911.604    34024.848    35906.860
253  TVM+F+R3      16406.867    346 33505.734    33620.406    35512.590
254  TVM+F+R4      16375.358    348 33446.716    33562.827    35465.173
255  TVM+F+R5      16362.576    350 33425.152    33542.711    35455.209
256  TVM+F+R6      16348.849    352 33401.698    33520.717    35443.356
257  TVM+F+R7      16344.471    354 33396.942    33517.431    35450.200
261  SYM           18540.984    340 37761.969    37872.388    39734.024
262  SYM+I         17068.687    341 34819.374    34930.495    36797.229
263  SYM+G4        16651.225    341 33984.450    34095.572    35962.306
264  SYM+I+G4      16465.497    342 33614.994    33726.820    35598.650
265  SYM+R2        16577.086    342 33838.172    33949.998    35821.827
266  SYM+R3        16363.630    344 33415.259    33528.504    35410.515
267  SYM+R4        16331.945    346 33355.890    33470.562    35362.746
268  SYM+R5        16318.828    348 33333.655    33449.766    35352.112
269  SYM+R6        16305.781    350 33311.561    33429.121    35341.618
270  SYM+R7        16301.512    352 33307.023    33426.042    35348.681
274  GTR+F         18541.495    343 37768.991    37881.525    39758.447
275  GTR+F+I       17050.270    344 34788.541    34901.785    36783.797
276  GTR+F+G4      16618.178    344 33924.356    34037.600    35919.612
277  GTR+F+I+G4    16444.755    345 33579.511    33693.468    35580.567
278  GTR+F+R2      16555.740    345 33801.480    33915.437    35802.536
279  GTR+F+R3      16349.905    347 33393.809    33509.199    35406.466
280  GTR+F+R4      16318.020    349 33334.040    33450.874    35358.297
281  GTR+F+R5      16304.807    351 33311.614    33429.902    35347.471
282  GTR+F+R6      16290.649    353 33287.299    33407.051    35334.756
283  GTR+F+R7      16286.086    355 33282.172    33403.399    35341.229
Akaike Information Criterion:           GTR+F+R7
Corrected Akaike Information Criterion: GTR+F+R7
Bayesian Information Criterion:         TIM3e+R6
Best-fit model: TIM3e+R6 chosen according to BIC

All model information printed to 28S-aligned-mafft.fasta.model.gz
CPU time for ModelFinder: 180.518 seconds (0h:3m:0s)
Wall-clock time for ModelFinder: 180.991 seconds (0h:3m:0s)

NOTE: 29 MB RAM (0 GB) is required!
Estimate model parameters (epsilon = 0.100)
1. Initial log-likelihood: -17618.841
2. Current log-likelihood: -16454.228
3. Current log-likelihood: -16344.075
4. Current log-likelihood: -16330.040
5. Current log-likelihood: -16322.778
6. Current log-likelihood: -16317.962
7. Current log-likelihood: -16314.925
8. Current log-likelihood: -16313.089
9. Current log-likelihood: -16311.926
10. Current log-likelihood: -16311.060
11. Current log-likelihood: -16310.399
12. Current log-likelihood: -16309.879
13. Current log-likelihood: -16309.458
14. Current log-likelihood: -16309.116
15. Current log-likelihood: -16308.830
16. Current log-likelihood: -16308.593
17. Current log-likelihood: -16308.392
18. Current log-likelihood: -16308.222
19. Current log-likelihood: -16308.076
20. Current log-likelihood: -16307.951
21. Current log-likelihood: -16307.844
Optimal log-likelihood: -16307.750
Rate parameters:  A-C: 0.76603  A-G: 2.05984  A-T: 1.00000  C-G: 0.76603  C-T: 3.54669  G-T: 1.00000
Base frequencies:  A: 0.250  C: 0.250  G: 0.250  T: 0.250
Site proportion and rates:  (0.803,0.147) (0.012,0.483) (0.055,2.078) (0.068,2.090) (0.041,5.768) (0.023,16.809)
Parameters optimization took 21 rounds (13.905 sec)
Computing ML distances based on estimated model parameters... 0.325 sec
WARNING: Some pairwise ML distances are too long (saturated)
Computing BIONJ tree...
0.010 seconds
Log-likelihood of BIONJ tree: -17062.915
--------------------------------------------------------------------
|             INITIALIZING CANDIDATE TREE SET                      |
--------------------------------------------------------------------
Generating 98 parsimony trees... 1.453 second
Computing log-likelihood of 98 initial trees ... 7.844 seconds
Current best score: -16245.950

Do NNI search on 20 best initial trees
Estimate model parameters (epsilon = 0.100)
BETTER TREE FOUND at iteration 1: -16212.887
Estimate model parameters (epsilon = 0.100)
BETTER TREE FOUND at iteration 2: -16207.896
Iteration 10 / LogL: -16230.165 / Time: 0h:0m:36s
Estimate model parameters (epsilon = 0.100)
BETTER TREE FOUND at iteration 18: -16204.370
Iteration 20 / LogL: -16227.239 / Time: 0h:0m:46s
Finish initializing candidate tree set (20)
Current best tree score: -16204.370 / CPU time: 32.388
Number of iterations: 20
--------------------------------------------------------------------
|               OPTIMIZING CANDIDATE TREE SET                      |
--------------------------------------------------------------------
Estimate model parameters (epsilon = 0.100)
BETTER TREE FOUND at iteration 21: -16200.019
Estimate model parameters (epsilon = 0.100)
BETTER TREE FOUND at iteration 25: -16198.287
BETTER TREE FOUND at iteration 30: -16198.286
Iteration 30 / LogL: -16198.286 / Time: 0h:1m:1s (0h:3m:32s left)
Iteration 40 / LogL: -16205.480 / Time: 0h:1m:14s (0h:2m:52s left)
Iteration 50 / LogL: -16397.914 / Time: 0h:1m:28s (0h:2m:23s left)
Estimate model parameters (epsilon = 0.100)
BETTER TREE FOUND at iteration 53: -16197.457
Estimate model parameters (epsilon = 0.100)
BETTER TREE FOUND at iteration 55: -16197.220
Estimate model parameters (epsilon = 0.100)
BETTER TREE FOUND at iteration 60: -16196.091
Iteration 60 / LogL: -16196.091 / Time: 0h:1m:43s (0h:2m:55s left)
Estimate model parameters (epsilon = 0.100)
BETTER TREE FOUND at iteration 68: -16195.229
Iteration 70 / LogL: -16207.698 / Time: 0h:1m:56s (0h:2m:45s left)
Iteration 80 / LogL: -16199.587 / Time: 0h:2m:8s (0h:2m:23s left)
Iteration 90 / LogL: -16200.947 / Time: 0h:2m:20s (0h:2m:2s left)
Estimate model parameters (epsilon = 0.100)
BETTER TREE FOUND at iteration 94: -16194.331
Estimate model parameters (epsilon = 0.100)
BETTER TREE FOUND at iteration 98: -16191.048
Iteration 100 / LogL: -16195.507 / Time: 0h:2m:33s (0h:2m:32s left)
Iteration 110 / LogL: -16237.482 / Time: 0h:2m:46s (0h:2m:14s left)
Estimate model parameters (epsilon = 0.100)
BETTER TREE FOUND at iteration 113: -16190.735
Estimate model parameters (epsilon = 0.100)
BETTER TREE FOUND at iteration 116: -16188.416
Iteration 120 / LogL: -16210.300 / Time: 0h:2m:59s (0h:2m:24s left)
Iteration 130 / LogL: -16191.028 / Time: 0h:3m:12s (0h:2m:8s left)
Iteration 140 / LogL: -16189.291 / Time: 0h:3m:25s (0h:1m:52s left)
Estimate model parameters (epsilon = 0.100)
BETTER TREE FOUND at iteration 145: -16188.379
Iteration 150 / LogL: -16192.840 / Time: 0h:3m:38s (0h:2m:19s left)
BETTER TREE FOUND at iteration 151: -16188.378
Estimate model parameters (epsilon = 0.100)
BETTER TREE FOUND at iteration 155: -16188.197
Iteration 160 / LogL: -16193.414 / Time: 0h:3m:50s (0h:2m:17s left)
Iteration 170 / LogL: -16188.378 / Time: 0h:4m:3s (0h:2m:2s left)
BETTER TREE FOUND at iteration 173: -16188.192
Iteration 180 / LogL: -16191.812 / Time: 0h:4m:15s (0h:2m:12s left)
Iteration 190 / LogL: -16188.475 / Time: 0h:4m:27s (0h:1m:57s left)
Iteration 200 / LogL: -16215.958 / Time: 0h:4m:40s (0h:1m:42s left)
Iteration 210 / LogL: -16202.846 / Time: 0h:4m:52s (0h:1m:28s left)
Iteration 220 / LogL: -16202.717 / Time: 0h:5m:5s (0h:1m:13s left)
Iteration 230 / LogL: -16194.471 / Time: 0h:5m:18s (0h:0m:59s left)
BETTER TREE FOUND at iteration 238: -16188.192
Iteration 240 / LogL: -16197.078 / Time: 0h:5m:30s (0h:2m:15s left)
Iteration 250 / LogL: -16200.560 / Time: 0h:5m:43s (0h:2m:1s left)
Iteration 260 / LogL: -16216.326 / Time: 0h:5m:55s (0h:1m:47s left)
BETTER TREE FOUND at iteration 266: -16188.190
Iteration 270 / LogL: -16194.131 / Time: 0h:6m:8s (0h:2m:11s left)
Estimate model parameters (epsilon = 0.100)
BETTER TREE FOUND at iteration 278: -16187.922
Iteration 280 / LogL: -16220.913 / Time: 0h:6m:22s (0h:2m:14s left)
BETTER TREE FOUND at iteration 288: -16187.919
Iteration 290 / LogL: -16191.627 / Time: 0h:6m:35s (0h:2m:13s left)
Iteration 300 / LogL: -16204.014 / Time: 0h:6m:47s (0h:1m:59s left)
Iteration 310 / LogL: -16188.212 / Time: 0h:6m:59s (0h:1m:45s left)
Iteration 320 / LogL: -16188.459 / Time: 0h:7m:12s (0h:1m:32s left)
Iteration 330 / LogL: -16189.863 / Time: 0h:7m:25s (0h:1m:18s left)
BETTER TREE FOUND at iteration 335: -16187.917
Iteration 340 / LogL: -16252.366 / Time: 0h:7m:38s (0h:2m:8s left)
BETTER TREE FOUND at iteration 343: -16187.914
Iteration 350 / LogL: -16188.105 / Time: 0h:7m:51s (0h:2m:5s left)
Iteration 360 / LogL: -16188.021 / Time: 0h:8m:3s (0h:1m:51s left)
Iteration 370 / LogL: -16194.732 / Time: 0h:8m:16s (0h:1m:38s left)
Iteration 380 / LogL: -16209.522 / Time: 0h:8m:29s (0h:1m:24s left)
Iteration 390 / LogL: -16188.291 / Time: 0h:8m:42s (0h:1m:11s left)
Iteration 400 / LogL: -16198.242 / Time: 0h:8m:54s (0h:0m:57s left)
Iteration 410 / LogL: -16194.248 / Time: 0h:9m:7s (0h:0m:44s left)
BETTER TREE FOUND at iteration 413: -16187.914
Iteration 420 / LogL: -16191.939 / Time: 0h:9m:20s (0h:2m:4s left)
Iteration 430 / LogL: -16188.479 / Time: 0h:9m:33s (0h:1m:50s left)
Iteration 440 / LogL: -16189.802 / Time: 0h:9m:45s (0h:1m:37s left)
Iteration 450 / LogL: -16198.524 / Time: 0h:9m:58s (0h:1m:23s left)
Iteration 460 / LogL: -16195.189 / Time: 0h:10m:9s (0h:1m:10s left)
Iteration 470 / LogL: -16207.830 / Time: 0h:10m:22s (0h:0m:57s left)
Iteration 480 / LogL: -16188.192 / Time: 0h:10m:34s (0h:0m:43s left)
Iteration 490 / LogL: -16203.840 / Time: 0h:10m:47s (0h:0m:30s left)
Iteration 500 / LogL: -16188.768 / Time: 0h:11m:0s (0h:0m:17s left)
Iteration 510 / LogL: -16191.263 / Time: 0h:11m:13s (0h:0m:3s left)
TREE SEARCH COMPLETED AFTER 514 ITERATIONS / Time: 0h:11m:18s

--------------------------------------------------------------------
|                    FINALIZING TREE SEARCH                        |
--------------------------------------------------------------------
Performs final model parameters optimization
Estimate model parameters (epsilon = 0.010)
1. Initial log-likelihood: -16187.914
Optimal log-likelihood: -16187.909
Rate parameters:  A-C: 0.76396  A-G: 2.11251  A-T: 1.00000  C-G: 0.76396  C-T: 3.61991  G-T: 1.00000
Base frequencies:  A: 0.250  C: 0.250  G: 0.250  T: 0.250
Site proportion and rates:  (0.808,0.151) (0.001,0.495) (0.057,1.975) (0.071,1.976) (0.041,5.955) (0.022,17.214)
Parameters optimization took 1 rounds (0.291 sec)
BEST SCORE FOUND : -16187.909
Total tree length: 1.735

Total number of iterations: 514
CPU time used for tree search: 662.973 sec (0h:11m:2s)
Wall-clock time used for tree search: 663.727 sec (0h:11m:3s)
Total CPU time used: 677.793 sec (0h:11m:17s)
Total wall-clock time used: 678.578 sec (0h:11m:18s)

Analysis results written to: 
  IQ-TREE report:                28S-aligned-mafft.fasta.iqtree
  Maximum-likelihood tree:       28S-aligned-mafft.fasta.treefile
  Likelihood distances:          28S-aligned-mafft.fasta.mldist
  Screen log file:               28S-aligned-mafft.fasta.log

Date and Time: Sun Apr 16 19:26:25 2023
