IQ-TREE multicore version 1.6.12 for Mac OS X 64-bit built Aug 15 2019
Developed by Bui Quang Minh, Nguyen Lam Tung, Olga Chernomor,
Heiko Schmidt, Dominik Schrempf, Michael Woodhams.

Host:    Bens-Air.lan (SSE4.2, 8 GB RAM)
Command: /Users/bklementz/Desktop/iqtree-1.6.12-MacOSX/bin/iqtree -s 16S-aligned-mafft.fasta
Seed:    822723 (Using SPRNG - Scalable Parallel Random Number Generator)
Time:    Sun Apr 16 18:52:30 2023
Kernel:  SSE2 - 1 threads (8 CPU cores detected)

HINT: Use -nt option to specify number of threads because your CPU has 8 cores!
HINT: -nt AUTO will automatically determine the best number of threads to use.

Reading alignment file 16S-aligned-mafft.fasta ... Fasta format detected
Alignment most likely contains DNA/RNA sequences
Alignment has 98 sequences with 388 columns, 335 distinct patterns
291 parsimony-informative, 20 singleton sites, 77 constant sites
                      Gap/Ambiguity  Composition  p-value
   1  Zalmoxis                6.44%    passed      6.92%
   2  Dongmoa                 6.19%    failed      0.28%
   3  Tithaeus                6.19%    failed      1.27%
   4  Martensiellus           6.44%    passed     24.08%
   5  Palaeoncopus            6.44%    passed     39.49%
   6  Sandokan                6.44%    failed      0.78%
   7  Glysterus               6.19%    failed      0.41%
   8  Cynortula               6.96%    passed     10.81%
   9  Zygopachylus            6.19%    failed      4.50%
  10  Santobius_DNA104931     6.19%    failed      4.79%
  11  Santobius_DNA104930    20.88%    passed     13.88%
  12  Hoplobunus              6.44%    passed     10.08%
  13  Scotolemon_lespesi      7.73%    failed      0.25%
  14  IC_DNA104070            7.73%    failed      2.16%
  15  IC_DNA104071            6.44%    passed     20.84%
  16  Baculigerus             7.47%    failed      0.30%
  17  Trionyxella             6.44%    passed     45.42%
  18  Assamiidae_DNA104857    6.96%    passed     96.50%
  19  Paktongius              6.19%    failed      3.98%
  20  Assamiidae_DNA104859    6.19%    passed     15.16%
  21  Haasus_sp               9.02%    passed     13.45%
  22  Haasus_judaeus         15.98%    passed     14.95%
  23  Conomma                18.04%    failed      4.66%
  24  Bishopella              6.70%    failed      0.83%
  25  Scotolemon              7.99%    passed     13.08%
  26  As020_Gab               4.12%    failed      0.18%
  27  As038_Gab               3.61%    failed      0.12%
  28  As041_Gab               3.61%    failed      0.40%
  29  Gnomulus                3.61%    failed      3.18%
  30  Caenoncopus             3.35%    failed      3.98%
  31  As122_Laos              3.61%    passed     25.72%
  32  As123_Viet              3.61%    failed      4.83%
  33  As131_Mala              3.61%    passed     42.41%
  34  As098_Phil              3.35%    passed      8.23%
  35  As105_Phil              3.35%    passed     32.06%
  36  As080_Indo              4.12%    passed     88.81%
  37  As081_Indo              3.87%    passed     51.98%
  38  As133_Indo              3.61%    passed     59.21%
  39  As085_WDus              3.35%    passed     75.49%
  40  As087_WAus              3.61%    passed     73.09%
  41  As089_EAus              3.35%    passed     66.99%
  42  As092_EDus              3.35%    passed     95.88%
  43  As104_EAus              3.35%    passed     86.25%
  44  As101_NAus              3.35%    passed     87.05%
  45  As102_NAus              3.35%    passed     80.51%
  46  As103_NAus              3.35%    passed     86.15%
  47  As094_PNG               3.61%    passed     61.01%
  48  As096_PNG               3.35%    passed     48.47%
  49  As097_PNG               3.35%    passed     72.40%
  50  As108_Laos              3.61%    passed     80.57%
  51  As114_Thai              3.35%    passed     56.13%
  52  As124_Indo              4.12%    passed     12.63%
  53  As130_Viet              3.35%    passed     10.98%
  54  As109_Thai              3.87%    passed     38.36%
  55  As111_Phil              3.87%    passed     78.54%
  56  As120_Thai              3.87%    passed     53.07%
  57  As110_Laos              3.35%    passed     43.38%
  58  As121_Laos              3.35%    passed     60.90%
  59  As125_Thai              8.51%    passed     72.55%
  60  As132_Mala              3.35%    passed     50.46%
  61  As127_Laos              4.38%    failed      0.55%
  62  As116_Thai              3.87%    passed     87.05%
  63  As117_Thai              4.12%    passed     52.01%
  64  As059_Gab               3.61%    passed     48.10%
  65  As010_Gab               3.35%    passed      5.39%
  66  As050_Cam               3.35%    failed      3.63%
  67  As011_Gab               3.35%    passed     12.22%
  68  As021_Gab               3.35%    failed      4.39%
  69  As082_Cam               3.35%    failed      3.73%
  70  As056_Gab               3.35%    passed      6.69%
  71  As027_Gab               3.35%    failed      0.59%
  72  As034_Cam               3.61%    failed      0.27%
  73  As084_Cam              48.20%    passed      7.57%
  74  As085_Cam               3.35%    failed      0.08%
  75  As014_Gab               3.35%    passed     14.03%
  76  As029_Gab               3.35%    failed      0.13%
  77  As040_Gab               3.35%    failed      0.01%
  78  As058_Gab               3.35%    failed      0.04%
  79  As072_Lib               3.87%    failed      0.01%
  80  As012_Gab               3.35%    failed      0.00%
  81  As025_Gab               4.12%    failed      0.00%
  82  As017_Gab               3.35%    failed      0.91%
  83  As031_Gab               3.61%    failed      0.71%
  84  As135_Viet              3.35%    failed      0.05%
  85  As045_Cam               3.87%    passed     65.35%
  86  As070_Lib               3.35%    failed      0.04%
  87  As083_Cam               3.35%    failed      2.03%
  88  Synthetonychia          7.73%    failed      0.17%
  89  Dendrolasma             7.47%    passed     82.74%
  90  Trogulus                7.73%    passed      7.53%
  91  Protolophus             7.22%    passed     52.38%
  92  Pantopsalis             9.28%    passed      8.08%
  93  Hesperonemastoma       11.34%    passed     21.95%
  94  As061_Lib               3.35%    failed      0.00%
  95  As069_Lib               3.61%    failed      0.00%
  96  As032_Gab               5.41%    failed      0.00%
  97  As039_Gab               5.41%    failed      0.00%
  98  Troglosiro              8.51%    failed      0.39%
****  TOTAL                   5.62%  42 sequences failed composition chi2 test (p-value<5%; df=3)


Create initial parsimony tree by phylogenetic likelihood library (PLL)... 0.007 seconds
NOTE: ModelFinder requires 10 MB RAM!
ModelFinder will test 286 DNA models (sample size: 388) ...
 No. Model         -LnL         df  AIC          AICc         BIC
  1  JC            18869.039    193 38124.077    38510.077    38888.551
  2  JC+I          18006.162    194 36400.323    36792.344    37168.758
  3  JC+G4         17142.697    194 34673.393    35065.414    35441.828
  4  JC+I+G4       17112.067    195 34614.134    35012.259    35386.531
  5  JC+R2         17343.890    195 35077.780    35475.905    35850.176
  6  JC+R3         17174.213    197 34742.427    35153.016    35522.745
  7  JC+R4         17097.876    199 34593.752    35017.156    35381.992
  8  JC+R5         17088.060    201 34578.121    35014.701    35374.283
  9  JC+R6         17083.422    203 34572.845    35022.975    35376.929
 14  F81+F         18794.432    196 37980.863    38385.178    38757.220
 15  F81+F+I       17896.289    197 36186.579    36597.168    36966.897
 16  F81+F+G4      17000.582    197 34395.165    34805.754    35175.483
 17  F81+F+I+G4    16964.813    198 34325.626    34742.578    35109.905
 18  F81+F+R2      17192.706    198 34781.412    35198.364    35565.691
 19  F81+F+R3      17018.677    200 34437.354    34867.301    35229.556
 20  F81+F+R4      16945.659    202 34295.319    34738.627    35095.442
 21  F81+F+R5      16932.910    204 34273.821    34730.870    35081.866
 22  F81+F+R6      16927.758    206 34267.517    34738.699    35083.484
 27  K2P           18532.086    194 37452.173    37844.194    38220.608
 28  K2P+I         17660.794    195 35711.587    36109.712    36483.983
 29  K2P+G4        16765.316    195 33920.632    34318.757    34693.029
 30  K2P+I+G4      16728.954    196 33849.908    34254.222    34626.265
 31  K2P+R2        16943.636    196 34279.271    34683.586    35055.628
 32  K2P+R3        16770.388    198 33936.776    34353.729    34721.055
 33  K2P+R4        16713.933    200 33827.866    34257.813    34620.067
 34  K2P+R5        16697.156    202 33798.311    34241.620    34598.435
 35  K2P+R6        16691.185    204 33790.370    34247.420    34598.416
 36  K2P+R7        16691.068    206 33794.136    34265.318    34610.103
 40  HKY+F         18384.556    197 37163.111    37573.701    37943.429
 41  HKY+F+I       17449.579    198 35295.157    35712.110    36079.436
 42  HKY+F+G4      16492.733    198 33381.465    33798.418    34165.744
 43  HKY+F+I+G4    16441.878    199 33281.755    33705.159    34069.995
 44  HKY+F+R2      16691.967    199 33781.933    34205.338    34570.173
 45  HKY+F+R3      16505.683    201 33413.366    33849.947    34209.528
 46  HKY+F+R4      16429.929    203 33265.858    33715.989    34069.942
 47  HKY+F+R5      16412.964    205 33235.928    33699.993    34047.934
 48  HKY+F+R6      16408.508    207 33231.016    33709.416    34050.945
 53  TNe           18521.144    195 37432.287    37830.412    38204.683
 54  TNe+I         17646.709    196 35685.419    36089.733    36461.776
 55  TNe+G4        16755.088    196 33902.175    34306.490    34678.532
 56  TNe+I+G4      16720.412    197 33834.824    34245.413    34615.142
 57  TNe+R2        16922.427    197 34238.854    34649.444    35019.172
 58  TNe+R3        16755.100    199 33908.199    34331.604    34696.439
 59  TNe+R4        16703.331    201 33808.662    34245.243    34604.824
 60  TNe+R5        16685.743    203 33777.486    34227.616    34581.570
 61  TNe+R6        16681.867    205 33773.733    34237.799    34585.739
 66  TN+F          18381.270    198 37158.539    37575.492    37942.818
 67  TN+F+I        17444.925    199 35287.849    35711.253    36076.089
 68  TN+F+G4       16484.088    199 33366.175    33789.580    34154.416
 69  TN+F+I+G4     16434.375    200 33268.750    33698.697    34060.951
 70  TN+F+R2       16679.567    200 33759.134    34189.081    34551.335
 71  TN+F+R3       16494.503    202 33393.007    33836.315    34193.130
 72  TN+F+R4       16419.711    204 33247.421    33704.471    34055.467
 73  TN+F+R5       16402.297    206 33216.594    33687.776    34032.561
 74  TN+F+R6       16400.162    208 33216.324    33702.044    34040.213
 79  K3P           18432.266    195 37254.532    37652.657    38026.928
 80  K3P+I         17555.110    196 35502.219    35906.534    36278.577
 81  K3P+G4        16645.106    196 33682.212    34086.526    34458.569
 82  K3P+I+G4      16610.197    197 33614.393    34024.983    34394.711
 83  K3P+R2        16815.475    197 34024.949    34435.539    34805.267
 84  K3P+R3        16643.020    199 33684.040    34107.444    34472.280
 85  K3P+R4        16593.773    201 33589.547    34026.127    34385.709
 86  K3P+R5        16577.394    203 33560.787    34010.918    34364.871
 87  K3P+R6        16573.392    205 33556.783    34020.849    34368.789
 92  K3Pu+F        18330.508    198 37057.016    37473.968    37841.295
 93  K3Pu+F+I      17399.404    199 35196.808    35620.212    35985.048
 94  K3Pu+F+G4     16449.680    199 33297.359    33720.763    34085.599
 95  K3Pu+F+I+G4   16400.555    200 33201.110    33631.056    33993.311
 96  K3Pu+F+R2     16641.541    200 33683.082    34113.029    34475.283
 97  K3Pu+F+R3     16455.208    202 33314.416    33757.725    34114.540
 98  K3Pu+F+R4     16385.705    204 33179.410    33636.459    33987.455
 99  K3Pu+F+R5     16368.055    206 33148.109    33619.292    33964.076
100  K3Pu+F+R6     16366.249    208 33148.498    33634.219    33972.387
105  TPM2+F        18286.315    198 36968.631    37385.583    37752.910
106  TPM2+F+I      17358.379    199 35114.758    35538.162    35902.998
107  TPM2+F+G4     16422.806    199 33243.611    33667.015    34031.851
108  TPM2+F+I+G4   16376.561    200 33153.121    33583.068    33945.323
109  TPM2+F+R2     16616.254    200 33632.508    34062.454    34424.709
110  TPM2+F+R3     16427.765    202 33259.531    33702.839    34059.654
111  TPM2+F+R4     16362.701    204 33133.402    33590.451    33941.447
112  TPM2+F+R5     16346.215    206 33104.430    33575.612    33920.397
113  TPM2+F+R6     16344.329    208 33104.659    33590.379    33928.548
118  TPM2u+F       18286.315    198 36968.629    37385.582    37752.908
119  TPM2u+F+I     17358.378    199 35114.756    35538.160    35902.996
120  TPM2u+F+G4    16422.806    199 33243.612    33667.016    34031.852
121  TPM2u+F+I+G4  16376.574    200 33153.148    33583.094    33945.349
122  TPM2u+F+R2    16616.255    200 33632.509    34062.456    34424.710
123  TPM2u+F+R3    16427.584    202 33259.168    33702.476    34059.291
124  TPM2u+F+R4    16362.598    204 33133.197    33590.246    33941.242
125  TPM2u+F+R5    16346.214    206 33104.427    33575.610    33920.394
126  TPM2u+F+R6    16344.304    208 33104.607    33590.328    33928.497
131  TPM3+F        18328.432    198 37052.865    37469.817    37837.144
132  TPM3+F+I      17416.272    199 35230.543    35653.947    36018.783
133  TPM3+F+G4     16460.345    199 33318.689    33742.093    34106.929
134  TPM3+F+I+G4   16411.296    200 33222.592    33652.538    34014.793
135  TPM3+F+R2     16646.726    200 33693.452    34123.399    34485.653
136  TPM3+F+R3     16464.550    202 33333.101    33776.409    34133.224
137  TPM3+F+R4     16399.081    204 33206.161    33663.211    34014.207
138  TPM3+F+R5     16381.130    206 33174.259    33645.442    33990.226
139  TPM3+F+R6     16377.950    208 33171.899    33657.620    33995.788
144  TPM3u+F       18328.470    198 37052.941    37469.893    37837.220
145  TPM3u+F+I     17416.269    199 35230.538    35653.943    36018.778
146  TPM3u+F+G4    16460.344    199 33318.688    33742.092    34106.928
147  TPM3u+F+I+G4  16411.283    200 33222.566    33652.513    34014.767
148  TPM3u+F+R2    16646.695    200 33693.391    34123.337    34485.592
149  TPM3u+F+R3    16464.470    202 33332.941    33776.249    34133.064
150  TPM3u+F+R4    16399.020    204 33206.040    33663.090    34014.085
151  TPM3u+F+R5    16381.131    206 33174.261    33645.444    33990.229
152  TPM3u+F+R6    16377.905    208 33171.810    33657.530    33995.699
157  TIMe          18421.191    196 37234.382    37638.696    38010.739
158  TIMe+I        17540.899    197 35475.798    35886.388    36256.116
159  TIMe+G4       16635.698    197 33665.397    34075.986    34445.715
160  TIMe+I+G4     16601.851    198 33599.703    34016.655    34383.982
161  TIMe+R2       16806.316    198 34008.632    34425.584    34792.911
162  TIMe+R3       16634.097    200 33668.193    34098.140    34460.394
163  TIMe+R4       16584.031    202 33572.063    34015.371    34372.186
164  TIMe+R5       16566.625    204 33541.250    33998.299    34349.295
165  TIMe+R6       16564.195    206 33540.390    34011.572    34356.357
170  TIM+F         18327.164    199 37052.329    37475.733    37840.569
171  TIM+F+I       17394.532    200 35189.064    35619.010    35981.265
172  TIM+F+G4      16440.289    200 33280.578    33710.525    34072.779
173  TIM+F+I+G4    16393.607    201 33189.214    33625.794    33985.376
174  TIM+F+R2      16634.271    201 33670.542    34107.122    34466.704
175  TIM+F+R3      16446.826    203 33299.651    33749.782    34103.735
176  TIM+F+R4      16375.310    205 33160.619    33624.685    33972.625
177  TIM+F+R5      16357.617    207 33129.234    33607.634    33949.162
178  TIM+F+R6      16357.412    209 33132.825    33625.971    33960.675
183  TIM2e         18366.199    196 37124.399    37528.713    37900.756
184  TIM2e+I       17502.561    197 35399.123    35809.712    36179.441
185  TIM2e+G4      16619.998    197 33633.997    34044.586    34414.315
186  TIM2e+I+G4    16592.536    198 33581.071    33998.024    34365.350
187  TIM2e+R2      16789.695    198 33975.389    34392.342    34759.668
188  TIM2e+R3      16618.860    200 33637.720    34067.667    34429.921
189  TIM2e+R4      16576.250    202 33556.500    33999.808    34356.623
190  TIM2e+R5      16554.976    204 33517.952    33975.001    34325.997
191  TIM2e+R6      16554.092    206 33520.185    33991.367    34336.152
196  TIM2+F        18283.988    199 36965.975    37389.379    37754.215
197  TIM2+F+I      17354.905    200 35109.809    35539.756    35902.010
198  TIM2+F+G4     16412.903    200 33225.805    33655.752    34018.006
199  TIM2+F+I+G4   16372.675    201 33147.350    33583.931    33943.512
200  TIM2+F+R2     16609.552    201 33621.104    34057.685    34417.266
201  TIM2+F+R3     16420.020    203 33246.039    33696.170    34050.123
202  TIM2+F+R4     16354.365    205 33118.730    33582.796    33930.736
203  TIM2+F+R5     16332.887    207 33079.774    33558.174    33899.702
204  TIM2+F+R6     16332.783    209 33083.566    33576.712    33911.416
209  TIM3e         18306.803    196 37005.605    37409.919    37781.962
210  TIM3e+I       17474.723    197 35343.445    35754.035    36123.763
211  TIM3e+G4      16555.480    197 33504.960    33915.550    34285.278
212  TIM3e+I+G4    16513.812    198 33423.624    33840.577    34207.903
213  TIM3e+R2      16718.707    198 33833.415    34250.367    34617.694
214  TIM3e+R3      16555.100    200 33510.200    33940.147    34302.401
215  TIM3e+R4      16500.831    202 33405.662    33848.970    34205.785
216  TIM3e+R5      16482.693    204 33373.386    33830.435    34181.431
217  TIM3e+R6      16482.650    206 33377.300    33848.482    34193.267
222  TIM3+F        18324.419    199 37046.838    37470.242    37835.078
223  TIM3+F+I      17411.087    200 35222.173    35652.120    36014.374
224  TIM3+F+G4     16454.013    200 33308.026    33737.972    34100.227
225  TIM3+F+I+G4   16404.895    201 33211.789    33648.370    34007.951
226  TIM3+F+R2     16641.067    201 33684.134    34120.715    34480.296
227  TIM3+F+R3     16457.422    203 33320.845    33770.975    34124.929
228  TIM3+F+R4     16390.467    205 33190.935    33655.001    34002.941
229  TIM3+F+R5     16368.323    207 33150.645    33629.045    33970.573
230  TIM3+F+R6     16368.193    209 33154.386    33647.533    33982.237
235  TVMe          18153.293    197 36700.585    37111.175    37480.903
236  TVMe+I        17330.193    198 35056.387    35473.339    35840.666
237  TVMe+G4       16402.072    198 33200.143    33617.095    33984.422
238  TVMe+I+G4     16370.952    199 33139.904    33563.309    33928.144
239  TVMe+R2       16570.496    199 33538.992    33962.396    34327.232
240  TVMe+R3       16403.304    201 33208.607    33645.188    34004.769
241  TVMe+R4       16356.376    203 33118.753    33568.883    33922.837
242  TVMe+R5       16340.383    205 33090.767    33554.833    33902.773
243  TVMe+R6       16340.304    207 33094.608    33573.008    33914.536
248  TVM+F         18230.263    200 36860.525    37290.472    37652.726
249  TVM+F+I       17324.262    201 35050.524    35487.105    35846.686
250  TVM+F+G4      16386.932    201 33175.865    33612.446    33972.027
251  TVM+F+I+G4    16344.859    202 33093.718    33537.026    33893.841
252  TVM+F+R2      16574.379    202 33552.759    33996.067    34352.882
253  TVM+F+R3      16388.958    204 33185.916    33642.965    33993.961
254  TVM+F+R4      16330.994    206 33073.989    33545.171    33889.956
255  TVM+F+R5      16310.964    208 33037.929    33523.649    33861.818
256  TVM+F+R6      16310.941    210 33041.883    33542.561    33873.694
261  SYM           18142.532    198 36681.064    37098.016    37465.343
262  SYM+I         17315.569    199 35029.138    35452.543    35817.378
263  SYM+G4        16398.344    199 33194.688    33618.092    33982.928
264  SYM+I+G4      16366.677    200 33133.355    33563.302    33925.556
265  SYM+R2        16564.826    200 33529.652    33959.598    34321.853
266  SYM+R3        16398.573    202 33201.146    33644.454    34001.269
267  SYM+R4        16353.302    204 33114.603    33571.652    33922.648
268  SYM+R5        16336.728    206 33085.456    33556.638    33901.423
269  SYM+R6        16336.520    208 33089.040    33574.760    33912.929
274  GTR+F         18227.300    201 36856.600    37293.181    37652.762
275  GTR+F+I       17320.281    202 35044.562    35487.870    35844.685
276  GTR+F+G4      16379.610    202 33163.220    33606.528    33963.343
277  GTR+F+I+G4    16339.379    203 33084.758    33534.888    33888.842
278  GTR+F+R2      16568.444    203 33542.888    33993.018    34346.972
279  GTR+F+R3      16382.064    205 33174.128    33638.194    33986.134
280  GTR+F+R4      16322.959    207 33059.919    33538.319    33879.847
281  GTR+F+R5      16302.328    209 33022.655    33515.801    33850.505
282  GTR+F+R6      16302.037    211 33026.074    33534.392    33861.846
Akaike Information Criterion:           GTR+F+R5
Corrected Akaike Information Criterion: GTR+F+R5
Bayesian Information Criterion:         GTR+F+R5
Best-fit model: GTR+F+R5 chosen according to BIC

All model information printed to 16S-aligned-mafft.fasta.model.gz
CPU time for ModelFinder: 60.425 seconds (0h:1m:0s)
Wall-clock time for ModelFinder: 60.546 seconds (0h:1m:0s)

NOTE: 5 MB RAM (0 GB) is required!
Estimate model parameters (epsilon = 0.100)
1. Initial log-likelihood: -17058.435
2. Current log-likelihood: -16372.749
3. Current log-likelihood: -16356.384
4. Current log-likelihood: -16350.509
5. Current log-likelihood: -16345.599
6. Current log-likelihood: -16341.342
7. Current log-likelihood: -16337.639
8. Current log-likelihood: -16334.167
9. Current log-likelihood: -16331.978
10. Current log-likelihood: -16330.060
11. Current log-likelihood: -16328.922
12. Current log-likelihood: -16327.643
13. Current log-likelihood: -16326.960
14. Current log-likelihood: -16326.069
15. Current log-likelihood: -16325.590
16. Current log-likelihood: -16324.867
17. Current log-likelihood: -16324.647
18. Current log-likelihood: -16324.388
19. Current log-likelihood: -16324.080
20. Current log-likelihood: -16323.886
21. Current log-likelihood: -16323.649
22. Current log-likelihood: -16323.529
23. Current log-likelihood: -16323.303
Optimal log-likelihood: -16323.195
Rate parameters:  A-C: 1.23115  A-G: 5.10286  A-T: 2.66445  C-G: 0.59213  C-T: 6.39806  G-T: 1.00000
Base frequencies:  A: 0.313  C: 0.142  G: 0.228  T: 0.317
Site proportion and rates:  (0.338,0.064) (0.154,0.372) (0.130,0.884) (0.298,1.780) (0.080,3.447)
Parameters optimization took 23 rounds (2.787 sec)
Computing ML distances based on estimated model parameters... 0.066 sec
Computing BIONJ tree...
0.006 seconds
Log-likelihood of BIONJ tree: -16271.210
--------------------------------------------------------------------
|             INITIALIZING CANDIDATE TREE SET                      |
--------------------------------------------------------------------
Generating 98 parsimony trees... 0.584 second
Computing log-likelihood of 98 initial trees ... 1.532 seconds
Current best score: -16247.193

Do NNI search on 20 best initial trees
Estimate model parameters (epsilon = 0.100)
BETTER TREE FOUND at iteration 1: -16195.413
Estimate model parameters (epsilon = 0.100)
BETTER TREE FOUND at iteration 3: -16189.130
Iteration 10 / LogL: -16194.866 / Time: 0h:0m:9s
Iteration 20 / LogL: -16209.725 / Time: 0h:0m:11s
Finish initializing candidate tree set (20)
Current best tree score: -16189.130 / CPU time: 8.241
Number of iterations: 20
--------------------------------------------------------------------
|               OPTIMIZING CANDIDATE TREE SET                      |
--------------------------------------------------------------------
Estimate model parameters (epsilon = 0.100)
BETTER TREE FOUND at iteration 22: -16185.393
Estimate model parameters (epsilon = 0.100)
UPDATE BEST LOG-LIKELIHOOD: -16184.610
Estimate model parameters (epsilon = 0.100)
BETTER TREE FOUND at iteration 29: -16183.401
Iteration 30 / LogL: -16184.099 / Time: 0h:0m:14s (0h:0m:51s left)
Estimate model parameters (epsilon = 0.100)
BETTER TREE FOUND at iteration 40: -16182.903
Iteration 40 / LogL: -16182.903 / Time: 0h:0m:17s (0h:0m:43s left)
Iteration 50 / LogL: -16199.570 / Time: 0h:0m:18s (0h:0m:34s left)
Iteration 60 / LogL: -16190.700 / Time: 0h:0m:21s (0h:0m:28s left)
Estimate model parameters (epsilon = 0.100)
BETTER TREE FOUND at iteration 63: -16182.541
Estimate model parameters (epsilon = 0.100)
BETTER TREE FOUND at iteration 69: -16182.211
Iteration 70 / LogL: -16182.682 / Time: 0h:0m:23s (0h:0m:33s left)
UPDATE BEST LOG-LIKELIHOOD: -16182.203
Iteration 80 / LogL: -16185.493 / Time: 0h:0m:25s (0h:0m:28s left)
Iteration 90 / LogL: -16214.157 / Time: 0h:0m:27s (0h:0m:24s left)
Iteration 100 / LogL: -16182.216 / Time: 0h:0m:29s (0h:0m:20s left)
Iteration 110 / LogL: -16191.187 / Time: 0h:0m:31s (0h:0m:16s left)
UPDATE BEST LOG-LIKELIHOOD: -16182.201
UPDATE BEST LOG-LIKELIHOOD: -16182.201
Iteration 120 / LogL: -16191.223 / Time: 0h:0m:33s (0h:0m:13s left)
Iteration 130 / LogL: -16182.330 / Time: 0h:0m:34s (0h:0m:10s left)
UPDATE BEST LOG-LIKELIHOOD: -16182.199
Iteration 140 / LogL: -16194.207 / Time: 0h:0m:36s (0h:0m:7s left)
Iteration 150 / LogL: -16184.892 / Time: 0h:0m:38s (0h:0m:4s left)
Iteration 160 / LogL: -16182.356 / Time: 0h:0m:40s (0h:0m:2s left)
Iteration 170 / LogL: -16184.650 / Time: 0h:0m:42s (0h:0m:-1s left)
TREE SEARCH COMPLETED AFTER 170 ITERATIONS / Time: 0h:0m:42s

--------------------------------------------------------------------
|                    FINALIZING TREE SEARCH                        |
--------------------------------------------------------------------
Performs final model parameters optimization
Estimate model parameters (epsilon = 0.010)
1. Initial log-likelihood: -16182.199
2. Current log-likelihood: -16182.113
3. Current log-likelihood: -16182.052
4. Current log-likelihood: -16181.967
5. Current log-likelihood: -16181.916
6. Current log-likelihood: -16181.838
7. Current log-likelihood: -16181.794
8. Current log-likelihood: -16181.726
9. Current log-likelihood: -16181.696
10. Current log-likelihood: -16181.625
11. Current log-likelihood: -16181.609
12. Current log-likelihood: -16181.560
13. Current log-likelihood: -16181.548
14. Current log-likelihood: -16181.511
15. Current log-likelihood: -16181.499
16. Current log-likelihood: -16181.464
17. Current log-likelihood: -16181.452
18. Current log-likelihood: -16181.420
Optimal log-likelihood: -16181.404
Rate parameters:  A-C: 1.40801  A-G: 6.11492  A-T: 3.11074  C-G: 0.64074  C-T: 7.59328  G-T: 1.00000
Base frequencies:  A: 0.313  C: 0.142  G: 0.228  T: 0.317
Site proportion and rates:  (0.287,0.034) (0.199,0.272) (0.165,0.892) (0.287,1.845) (0.062,4.164)
Parameters optimization took 18 rounds (1.878 sec)
BEST SCORE FOUND : -16181.404
Total tree length: 17.802

Total number of iterations: 170
CPU time used for tree search: 39.824 sec (0h:0m:39s)
Wall-clock time used for tree search: 39.896 sec (0h:0m:39s)
Total CPU time used: 44.610 sec (0h:0m:44s)
Total wall-clock time used: 44.695 sec (0h:0m:44s)

Analysis results written to: 
  IQ-TREE report:                16S-aligned-mafft.fasta.iqtree
  Maximum-likelihood tree:       16S-aligned-mafft.fasta.treefile
  Likelihood distances:          16S-aligned-mafft.fasta.mldist
  Screen log file:               16S-aligned-mafft.fasta.log

Date and Time: Sun Apr 16 18:54:16 2023
