IQ-TREE multicore version 1.6.12 for Mac OS X 64-bit built Aug 15 2019
Developed by Bui Quang Minh, Nguyen Lam Tung, Olga Chernomor,
Heiko Schmidt, Dominik Schrempf, Michael Woodhams.

Host:    Bens-Air.lan (SSE4.2, 8 GB RAM)
Command: /Users/bklementz/Desktop/iqtree-1.6.12-MacOSX/bin/iqtree -s COI-aligned-mafft.fasta
Seed:    889903 (Using SPRNG - Scalable Parallel Random Number Generator)
Time:    Sun Mar 26 18:46:39 2023
Kernel:  SSE2 - 1 threads (8 CPU cores detected)

HINT: Use -nt option to specify number of threads because your CPU has 8 cores!
HINT: -nt AUTO will automatically determine the best number of threads to use.

Reading alignment file COI-aligned-mafft.fasta ... Fasta format detected
Alignment most likely contains DNA/RNA sequences
Alignment has 120 sequences with 657 columns, 507 distinct patterns
437 parsimony-informative, 45 singleton sites, 175 constant sites
                         Gap/Ambiguity  Composition  p-value
   1  Trojanella                 1.37%    failed      0.01%
   2  Holoscotolemon            10.35%    failed      0.00%
   3  Peltonychia                1.52%    failed      0.00%
   4  Zuma                      35.31%    failed      0.09%
   5  As009_Cam                  0.46%    failed      0.00%
   6  As050_Cam                  0.46%    failed      0.00%
   7  As018_Gab                  0.46%    failed      0.00%
   8  As011_Gab                  0.46%    failed      0.00%
   9  As056_Gab                  0.61%    failed      0.00%
  10  As027_Gab                  0.46%    failed      0.00%
  11  As084_Cam                  0.46%    failed      0.00%
  12  As057_Gab                  0.00%    failed      0.00%
  13  As058_Gab                  0.15%    failed      0.00%
  14  As040_Gab                  0.15%    failed      0.00%
  15  Scotolemon                 1.37%    failed      0.00%
  16  Bishopella                 1.37%    passed      5.50%
  17  Protolophus                1.37%    failed      0.13%
  18  Pantopsalis                1.37%    failed      1.71%
  19  Hesperonemastoma           2.28%    failed      0.00%
  20  Dendrolasma                3.65%    passed     26.51%
  21  Trogulus                   1.37%    passed     44.74%
  22  Troglosiro                 1.37%    passed      8.16%
  23  Synthetonychia             1.37%    failed      0.01%
  24  Conomma                    1.83%    failed      0.00%
  25  Guasinia                  14.16%    failed      0.00%
  26  Icaleptes_DNA104056        1.37%    failed      2.50%
  27  Ethobunus                  1.37%    failed      2.07%
  28  Zalmoxis                   1.37%    failed      0.62%
  29  Kimula                     1.37%    failed      0.03%
  30  Stygnomma                  1.37%    passed      8.67%
  31  Baculigerus                7.76%    passed      6.74%
  32  Stenostygnus_DNA104848     1.37%    passed     46.34%
  33  Stenostygnus_DNA104849     1.37%    passed     25.82%
  34  Stenostygnus_DNA104847     1.37%    passed     22.59%
  35  Stenostygnus_DNA104850     1.37%    failed      3.08%
  36  Fijicolana                 8.07%    passed      7.23%
  37  Pellobunus                 1.37%    passed     13.07%
  38  Metabiantes_DNA100704      1.37%    failed      0.11%
  39  Metabiantes_DNA100335      1.37%    failed      2.02%
  40  Biantidae_DNA105668        8.07%    failed      1.08%
  41  Metabiantes_DNA100703      1.37%    failed      3.94%
  42  Trionyxella                0.00%    failed      3.28%
  43  Paktongius                 1.37%    failed      4.43%
  44  As120_Thai                 0.00%    passed     37.90%
  45  As110_Laos                 0.46%    failed      0.18%
  46  As121_Laos                 0.00%    failed      0.26%
  47  As096_PNG                  0.00%    passed     14.64%
  48  As095_PNG                  0.00%    passed     13.28%
  49  As094_PNG                  0.00%    passed      6.50%
  50  As102_NAus                 0.00%    passed     13.12%
  51  As092_EAus                 0.15%    failed      1.91%
  52  As104_EAus                 4.57%    failed      2.40%
  53  As108_Laos                 0.00%    failed      0.01%
  54  As081_Indo                 0.00%    passed      5.40%
  55  As126_Laos                 1.22%    failed      1.61%
  56  As080_Indo                 0.00%    failed      0.07%
  57  As133_Indo                 0.00%    failed      0.01%
  58  As127_Laos                 0.46%    failed      0.00%
  59  As109_Thai                 0.00%    passed     10.35%
  60  As087_WAus                 0.00%    failed      0.00%
  61  Heterocranaus              1.83%    failed      2.66%
  62  Megapachylus               2.28%    passed      5.39%
  63  Goniosoma                  1.83%    failed      1.83%
  64  Glysterus                  8.22%    passed      5.90%
  65  Agoristenidae_DNA105839    1.83%    failed      3.38%
  66  Caenoncopus                1.37%    passed     40.13%
  67  Gnomulus                   1.37%    passed     58.36%
  68  Palaeoncopus               1.37%    failed      0.15%
  69  Martensiellus              1.37%    passed     28.73%
  70  Sandokan                   1.37%    failed      3.32%
  71  Epedanidae_DNA104066       3.50%    passed     91.20%
  72  Tithaeus                   7.76%    failed      0.23%
  73  As106_Thai                 0.00%    failed      0.03%
  74  As118_Thai                 0.00%    failed      0.01%
  75  As115_Thai                 0.00%    failed      0.01%
  76  As131_Mala                 0.00%    passed     11.23%
  77  As114_Thai                 0.00%    failed      3.20%
  78  As129_Laos                 1.07%    failed      2.47%
  79  As122_Laos                 0.00%    failed      2.11%
  80  As136_Viet                 0.30%    passed     13.36%
  81  As123_Viet                 0.00%    failed      0.01%
  82  As140_Viet                 0.00%    passed     12.24%
  83  Epedanidae_DNA104062       1.37%    passed     38.87%
  84  Epedanidae_DNA104068       1.37%    passed     47.73%
  85  Zygopachylus               1.83%    passed     63.18%
  86  Cynortula                  1.98%    passed     37.28%
  87  As026_Gab                  0.91%    failed      0.00%
  88  Hoplobunus                 2.28%    passed     27.46%
  89  Stygnopsidae_DNA103882     8.68%    failed      0.00%
  90  Karos                      2.28%    failed      3.55%
  91  Stygnopsidae_DNA104855     2.28%    passed     32.69%
  92  Stygnopsidae_DNA104856     2.28%    passed     37.72%
  93  As020_Gab                  0.46%    passed      6.45%
  94  As041_Gab                  0.46%    failed      0.68%
  95  As030_Gab                  0.46%    passed      7.08%
  96  Jarmilana                  4.11%    failed      2.92%
  97  Arulla_DNA102666           0.00%    failed      0.00%
  98  As059_Gab                  1.52%    failed      0.00%
  99  IC_DNA104070               7.76%    failed      0.31%
 100  Zalmoxida                  0.00%    failed      0.01%
 101  As099_Dibunus              0.00%    failed      4.04%
 102  Op105_Dibunus              3.65%    failed      1.71%
 103  Op106_Toccolus             3.65%    failed      0.84%
 104  Op107_Nanepedanus_rufus    3.65%    failed      0.00%
 105  Op104_Dibuninae            3.65%    failed      0.33%
 106  Santinezia                 1.83%    failed      1.04%
 107  As028_Gab                  0.00%    failed      3.01%
 108  Lomanius_DNA104935         1.83%    failed      0.03%
 109  Santobius_DNA104931        1.83%    failed      0.00%
 110  As105_Phil                 0.00%    failed      3.88%
 111  As083_Cam                  0.00%    passed     15.56%
 112  Op049_Beloniscus           3.20%    passed     28.40%
 113  Bunofagea                  2.74%    failed      0.00%
 114  As031_Gab                  0.00%    failed      0.00%
 115  Fissiphallius              1.37%    failed      3.69%
 116  Larifuga                   2.74%    failed      0.17%
 117  Triaenobunus               1.37%    passed      8.13%
 118  Triaenonychidae            2.28%    failed      0.04%
 119  Equitius                   1.37%    passed     23.57%
 120  As119_Indo                 1.37%    passed     13.54%
****  TOTAL                      2.05%  79 sequences failed composition chi2 test (p-value<5%; df=3)


Create initial parsimony tree by phylogenetic likelihood library (PLL)... 0.015 seconds
NOTE: ModelFinder requires 19 MB RAM!
ModelFinder will test 286 DNA models (sample size: 657) ...
 No. Model         -LnL         df  AIC          AICc         BIC
  1  JC            49423.694    237 99321.387    99590.628    100384.968
  2  JC+I          45831.612    238 92139.224    92411.387    93207.293
  3  JC+G4         43283.300    238 87042.599    87314.762    88110.668
  4  JC+I+G4       43075.420    239 86628.841    86903.949    87701.397
  5  JC+R2         44342.507    239 89163.014    89438.121    90235.570
  6  JC+R3         43485.156    241 87452.312    87733.382    88533.844
  7  JC+R4         43176.823    243 86839.645    87126.773    87930.152
  8  JC+R5         43030.952    245 86551.903    86845.188    87651.386
  9  JC+R6         43001.974    247 86497.948    86797.488    87606.406
 10  JC+R7         42985.315    249 86468.630    86774.527    87586.063
 11  JC+R8         42974.616    251 86451.232    86763.588    87577.641
 12  JC+R9         42967.579    253 86441.158    86760.076    87576.542
 13  JC+R10        42962.688    255 86435.376    86760.962    87579.735
 14  F81+F         48973.032    240 98426.064    98704.141    99503.108
 15  F81+F+I       45262.274    241 91006.548    91287.618    92088.079
 16  F81+F+G4      42466.892    241 85415.784    85696.854    86497.316
 17  F81+F+I+G4    42255.353    242 84994.706    85278.793    86080.726
 18  F81+F+R2      43184.899    242 86853.798    87137.885    87939.818
 19  F81+F+R3      42596.715    244 85681.430    85971.624    86776.425
 20  F81+F+R4      42279.482    246 85050.963    85347.363    86154.934
 21  F81+F+R5      42171.628    248 84839.255    85141.961    85952.201
 22  F81+F+R6      42154.915    250 84809.829    85118.943    85931.750
 23  F81+F+R7      42149.914    252 84803.827    85119.451    85934.724
 27  K2P           48669.297    238 97814.593    98086.756    98882.662
 28  K2P+I         45045.652    239 90569.305    90844.413    91641.861
 29  K2P+G4        42348.411    239 85174.821    85449.929    86247.378
 30  K2P+I+G4      42123.967    240 84727.934    85006.011    85804.978
 31  K2P+R2        43045.191    240 86570.382    86848.459    87647.426
 32  K2P+R3        42353.129    242 85190.259    85474.346    86276.278
 33  K2P+R4        42088.263    244 84664.526    84954.720    85759.521
 34  K2P+R5        42029.886    246 84551.772    84848.172    85655.742
 35  K2P+R6        42014.013    248 84524.025    84826.731    85636.971
 36  K2P+R7        42013.034    250 84526.068    84835.181    85647.989
 40  HKY+F         48126.733    241 96735.465    97016.535    97816.997
 41  HKY+F+I       44336.880    242 89157.760    89441.847    90243.780
 42  HKY+F+G4      41084.061    242 82652.122    82936.209    83738.142
 43  HKY+F+I+G4    40919.882    243 82325.765    82612.893    83416.272
 44  HKY+F+R2      42109.406    243 84704.812    84991.940    85795.319
 45  HKY+F+R3      41236.687    245 82963.374    83256.658    84062.856
 46  HKY+F+R4      40939.660    247 82373.319    82672.860    83481.777
 47  HKY+F+R5      40848.798    249 82195.595    82501.492    83313.029
 48  HKY+F+R6      40818.762    251 82139.524    82451.880    83265.933
 49  HKY+F+R7      40817.403    253 82140.806    82459.725    83276.190
 53  TNe           48502.500    239 97483.000    97758.108    98555.556
 54  TNe+I         44893.770    240 90267.541    90545.618    91344.585
 55  TNe+G4        41987.678    240 84455.357    84733.434    85532.401
 56  TNe+I+G4      41835.934    241 84153.868    84434.938    85235.400
 57  TNe+R2        42819.059    241 86120.117    86401.187    87201.649
 58  TNe+R3        42054.892    243 84595.785    84882.913    85686.292
 59  TNe+R4        41796.539    245 84083.077    84376.362    85182.560
 60  TNe+R5        41711.309    247 83916.618    84216.158    85025.076
 61  TNe+R6        41697.862    249 83893.723    84199.620    85011.157
 62  TNe+R7        41695.175    251 83892.350    84204.706    85018.759
 66  TN+F          48110.823    242 96705.646    96989.733    97791.666
 67  TN+F+I        44330.304    243 89146.609    89433.737    90237.116
 68  TN+F+G4       41019.507    243 82525.013    82812.142    83615.521
 69  TN+F+I+G4     40881.116    244 82250.233    82540.427    83345.227
 70  TN+F+R2       42087.133    244 84662.266    84952.460    85757.261
 71  TN+F+R3       41175.972    246 82843.945    83140.345    83947.915
 72  TN+F+R4       40884.709    248 82265.418    82568.124    83378.364
 73  TN+F+R5       40792.530    250 82085.059    82394.172    83206.980
 74  TN+F+R6       40762.350    252 82028.701    82344.324    83159.597
 75  TN+F+R7       40757.436    254 82022.873    82345.111    83162.744
 79  K3P           48478.075    239 97434.150    97709.258    98506.706
 80  K3P+I         44832.636    240 90145.271    90423.348    91222.315
 81  K3P+G4        42137.534    240 84755.067    85033.144    85832.112
 82  K3P+I+G4      41917.809    241 84317.619    84598.689    85399.150
 83  K3P+R2        42820.375    241 86122.751    86403.821    87204.283
 84  K3P+R3        42127.662    243 84741.324    85028.452    85831.831
 85  K3P+R4        41866.615    245 84223.230    84516.515    85322.713
 86  K3P+R5        41817.048    247 84128.096    84427.636    85236.554
 87  K3P+R6        41799.660    249 84097.320    84403.217    85214.753
 88  K3P+R7        41798.675    251 84099.351    84411.706    85225.759
 92  K3Pu+F        48074.798    242 96633.596    96917.683    97719.616
 93  K3Pu+F+I      44298.582    243 89083.163    89370.292    90173.671
 94  K3Pu+F+G4     41081.676    243 82649.351    82936.480    83739.859
 95  K3Pu+F+I+G4   40917.422    244 82322.843    82613.037    83417.838
 96  K3Pu+F+R2     42089.239    244 84666.478    84956.672    85761.473
 97  K3Pu+F+R3     41231.332    246 82954.664    83251.064    84058.634
 98  K3Pu+F+R4     40933.496    248 82362.992    82665.698    83475.938
 99  K3Pu+F+R5     40842.358    250 82184.716    82493.829    83306.637
100  K3Pu+F+R6     40811.292    252 82126.585    82442.209    83257.481
101  K3Pu+F+R7     40804.906    254 82117.812    82440.051    83257.684
105  TPM2+F        47797.332    242 96078.664    96362.751    97164.684
106  TPM2+F+I      44130.735    243 88747.471    89034.599    89837.978
107  TPM2+F+G4     41076.990    243 82639.980    82927.109    83730.488
108  TPM2+F+I+G4   40908.620    244 82305.239    82595.434    83400.234
109  TPM2+F+R2     42005.794    244 84499.588    84789.782    85594.583
110  TPM2+F+R3     41213.061    246 82918.121    83214.521    84022.092
111  TPM2+F+R4     40916.062    248 82328.124    82630.830    83441.070
112  TPM2+F+R5     40830.753    250 82161.507    82470.620    83283.428
113  TPM2+F+R6     40805.494    252 82114.989    82430.613    83245.885
114  TPM2+F+R7     40798.831    254 82105.663    82427.902    83245.535
115  TPM2+F+R8     40798.707    256 82109.413    82438.373    83258.260
118  TPM2u+F       47797.333    242 96078.666    96362.753    97164.686
119  TPM2u+F+I     44130.735    243 88747.471    89034.599    89837.978
120  TPM2u+F+G4    41076.990    243 82639.980    82927.108    83730.487
121  TPM2u+F+I+G4  40908.608    244 82305.217    82595.411    83400.212
122  TPM2u+F+R2    42005.733    244 84499.465    84789.660    85594.460
123  TPM2u+F+R3    41213.053    246 82918.107    83214.507    84022.077
124  TPM2u+F+R4    40916.060    248 82328.120    82630.826    83441.066
125  TPM2u+F+R5    40829.934    250 82159.868    82468.981    83281.789
126  TPM2u+F+R6    40804.917    252 82113.834    82429.458    83244.730
127  TPM2u+F+R7    40798.741    254 82105.481    82427.720    83245.353
131  TPM3+F        48084.066    242 96652.131    96936.218    97738.151
132  TPM3+F+I      44294.289    243 89074.579    89361.707    90165.086
133  TPM3+F+G4     41073.251    243 82632.502    82919.630    83723.009
134  TPM3+F+I+G4   40910.062    244 82308.124    82598.318    83403.119
135  TPM3+F+R2     42082.909    244 84653.817    84944.012    85748.812
136  TPM3+F+R3     41224.522    246 82941.045    83237.445    84045.015
137  TPM3+F+R4     40925.005    248 82346.011    82648.717    83458.956
138  TPM3+F+R5     40828.255    250 82156.509    82465.623    83278.430
139  TPM3+F+R6     40803.612    252 82111.224    82426.848    83242.120
140  TPM3+F+R7     40797.135    254 82102.269    82424.508    83242.141
144  TPM3u+F       48084.065    242 96652.131    96936.218    97738.150
145  TPM3u+F+I     44294.289    243 89074.579    89361.707    90165.086
146  TPM3u+F+G4    41073.252    243 82632.503    82919.632    83723.011
147  TPM3u+F+I+G4  40910.067    244 82308.135    82598.329    83403.130
148  TPM3u+F+R2    42082.918    244 84653.835    84944.029    85748.830
149  TPM3u+F+R3    41224.573    246 82941.147    83237.547    84045.117
150  TPM3u+F+R4    40925.003    248 82346.006    82648.712    83458.951
151  TPM3u+F+R5    40828.042    250 82156.085    82465.198    83278.006
152  TPM3u+F+R6    40803.506    252 82111.012    82426.636    83241.908
153  TPM3u+F+R7    40797.086    254 82102.172    82424.411    83242.044
157  TIMe          48310.234    240 97100.467    97378.544    98177.511
158  TIMe+I        44680.078    241 89842.156    90123.226    90923.688
159  TIMe+G4       41801.243    241 84084.485    84365.555    85166.017
160  TIMe+I+G4     41632.055    242 83748.111    84032.198    84834.130
161  TIMe+R2       42593.565    242 85671.130    85955.217    86757.150
162  TIMe+R3       41833.557    244 84155.115    84445.309    85250.110
163  TIMe+R4       41582.116    246 83656.233    83952.633    84760.203
164  TIMe+R5       41514.241    248 83524.482    83827.188    84637.428
165  TIMe+R6       41500.484    250 83500.967    83810.081    84622.888
166  TIMe+R7       41497.015    252 83498.031    83813.654    84628.927
170  TIM+F         48058.900    243 96603.800    96890.928    97694.307
171  TIM+F+I       44291.956    244 89071.912    89362.106    90166.907
172  TIM+F+G4      41016.750    244 82521.500    82811.694    83616.495
173  TIM+F+I+G4    40877.682    245 82245.363    82538.648    83344.846
174  TIM+F+R2      42066.130    245 84622.260    84915.544    85721.742
175  TIM+F+R3      41171.298    247 82836.595    83136.136    83945.053
176  TIM+F+R4      40878.705    249 82255.411    82561.308    83372.844
177  TIM+F+R5      40785.868    251 82073.736    82386.091    83200.144
178  TIM+F+R6      40756.887    253 82019.773    82338.691    83155.157
179  TIM+F+R7      40751.083    255 82012.166    82337.752    83156.526
183  TIM2e         47763.854    240 96007.707    96285.784    97084.751
184  TIM2e+I       44299.276    241 89080.552    89361.622    90162.084
185  TIM2e+G4      41684.304    241 83850.608    84131.677    84932.139
186  TIM2e+I+G4    41520.372    242 83524.745    83808.832    84610.764
187  TIM2e+R2      42368.852    242 85221.704    85505.791    86307.724
188  TIM2e+R3      41689.129    244 83866.258    84156.452    84961.253
189  TIM2e+R4      41460.491    246 83412.982    83709.382    84516.952
190  TIM2e+R5      41394.439    248 83284.878    83587.584    84397.823
191  TIM2e+R6      41380.684    250 83261.368    83570.482    84383.289
192  TIM2e+R7      41379.393    252 83262.786    83578.410    84393.682
196  TIM2+F        47786.243    243 96058.486    96345.614    97148.993
197  TIM2+F+I      44125.688    244 88739.375    89029.569    89834.370
198  TIM2+F+G4     41007.616    244 82503.233    82793.427    83598.228
199  TIM2+F+I+G4   40860.252    245 82210.504    82503.788    83309.986
200  TIM2+F+R2     41980.952    245 84451.904    84745.189    85551.387
201  TIM2+F+R3     41149.784    247 82793.568    83093.108    83902.026
202  TIM2+F+R4     40855.098    249 82208.195    82514.092    83325.629
203  TIM2+F+R5     40769.992    251 82041.984    82354.340    83168.393
204  TIM2+F+R6     40742.271    253 81990.541    82309.459    83125.925
205  TIM2+F+R7     40736.906    255 81983.812    82309.398    83128.171
209  TIM3e         48319.263    240 97118.526    97396.603    98195.570
210  TIM3e+I       44728.239    241 89938.477    90219.547    91020.009
211  TIM3e+G4      41885.367    241 84252.735    84533.805    85334.266
212  TIM3e+I+G4    41728.554    242 83941.108    84225.195    85027.128
213  TIM3e+R2      42664.547    242 85813.094    86097.181    86899.114
214  TIM3e+R3      41943.843    244 84375.686    84665.880    85470.681
215  TIM3e+R4      41679.803    246 83851.605    84148.005    84955.576
216  TIM3e+R5      41603.560    248 83703.120    84005.826    84816.066
217  TIM3e+R6      41594.752    250 83689.504    83998.617    84811.425
218  TIM3e+R7      41586.194    252 83676.388    83992.012    84807.285
219  TIM3e+R8      41586.080    254 83680.159    84002.398    84820.031
222  TIM3+F        48067.365    243 96620.731    96907.859    97711.238
223  TIM3+F+I      44287.277    244 89062.554    89352.749    90157.549
224  TIM3+F+G4     41011.186    244 82510.372    82800.567    83605.367
225  TIM3+F+I+G4   40874.813    245 82239.625    82532.910    83339.108
226  TIM3+F+R2     42060.205    245 84610.411    84903.696    85709.894
227  TIM3+F+R3     41169.660    247 82833.320    83132.860    83941.778
228  TIM3+F+R4     40874.209    249 82246.418    82552.314    83363.851
229  TIM3+F+R5     40781.039    251 82064.079    82376.434    83190.487
230  TIM3+F+R6     40752.893    253 82011.785    82330.703    83147.169
231  TIM3+F+R7     40743.129    255 81996.257    82321.843    83140.616
232  TIM3+F+R8     40742.967    257 81999.933    82332.294    83153.268
235  TVMe          47716.377    241 95914.754    96195.824    96996.286
236  TVMe+I        44246.560    242 88977.121    89261.208    90063.140
237  TVMe+G4       41830.745    242 84145.489    84429.576    85231.509
238  TVMe+I+G4     41617.624    243 83721.248    84008.377    84811.755
239  TVMe+R2       42400.966    243 85287.932    85575.060    86378.439
240  TVMe+R3       41775.348    245 84040.696    84333.980    85140.178
241  TVMe+R4       41545.094    247 83584.188    83883.729    84692.646
242  TVMe+R5       41508.888    249 83515.775    83821.672    84633.208
243  TVMe+R6       41495.759    251 83493.519    83805.874    84619.927
244  TVMe+R7       41490.636    253 83487.272    83806.190    84622.656
248  TVM+F         47755.634    244 95999.267    96289.462    97094.262
249  TVM+F+I       44088.455    245 88666.910    88960.195    89766.393
250  TVM+F+G4      41065.777    245 82621.553    82914.838    83721.036
251  TVM+F+I+G4    40899.251    246 82290.502    82586.902    83394.472
252  TVM+F+R2      41982.972    246 84457.944    84754.344    85561.914
253  TVM+F+R3      41199.877    248 82895.753    83198.459    84008.699
254  TVM+F+R4      40904.299    250 82308.598    82617.711    83430.519
255  TVM+F+R5      40819.098    252 82142.196    82457.820    83273.093
256  TVM+F+R6      40792.967    254 82093.934    82416.172    83233.805
257  TVM+F+R7      40782.418    256 82076.836    82405.796    83225.683
258  TVM+F+R8      40781.591    258 82079.183    82414.972    83237.005
261  SYM           47565.100    242 95614.199    95898.286    96700.219
262  SYM+I         44103.592    243 88693.184    88980.312    89783.691
263  SYM+G4        41503.419    243 83492.839    83779.967    84583.346
264  SYM+I+G4      41339.006    244 83166.013    83456.207    84261.008
265  SYM+R2        42171.504    244 84831.008    85121.202    85926.003
266  SYM+R3        41511.149    246 83514.299    83810.699    84618.269
267  SYM+R4        41273.304    248 83042.609    83345.315    84155.554
268  SYM+R5        41219.914    250 82939.827    83248.941    84061.748
269  SYM+R6        41211.913    252 82927.825    83243.449    84058.721
270  SYM+R7        41204.995    254 82917.990    83240.229    84057.862
271  SYM+R8        41204.698    256 82921.396    83250.356    84070.243
274  GTR+F         47743.896    245 95977.792    96271.077    97077.275
275  GTR+F+I       44083.029    246 88658.058    88954.458    89762.028
276  GTR+F+G4      40999.788    246 82491.576    82787.976    83595.547
277  GTR+F+I+G4    40854.448    247 82202.897    82502.437    83311.355
278  GTR+F+R2      41958.393    247 84410.786    84710.326    85519.244
279  GTR+F+R3      41143.772    249 82785.543    83091.440    83902.977
280  GTR+F+R4      40846.498    251 82194.995    82507.351    83321.404
281  GTR+F+R5      40762.296    253 82030.593    82349.511    83165.977
282  GTR+F+R6      40738.075    255 81986.150    82311.736    83130.509
283  GTR+F+R7      40728.355    257 81970.711    82303.072    83124.046
284  GTR+F+R8      40728.350    259 81974.701    82313.945    83137.011
Akaike Information Criterion:           GTR+F+R7
Corrected Akaike Information Criterion: GTR+F+R7
Bayesian Information Criterion:         GTR+F+R7
Best-fit model: GTR+F+R7 chosen according to BIC

All model information printed to COI-aligned-mafft.fasta.model.gz
CPU time for ModelFinder: 288.025 seconds (0h:4m:48s)
Wall-clock time for ModelFinder: 288.532 seconds (0h:4m:48s)

NOTE: 13 MB RAM (0 GB) is required!
Estimate model parameters (epsilon = 0.100)
1. Initial log-likelihood: -42658.720
2. Current log-likelihood: -41027.374
3. Current log-likelihood: -40936.536
4. Current log-likelihood: -40902.047
5. Current log-likelihood: -40880.492
6. Current log-likelihood: -40870.573
7. Current log-likelihood: -40865.165
8. Current log-likelihood: -40861.995
9. Current log-likelihood: -40859.778
10. Current log-likelihood: -40859.234
11. Current log-likelihood: -40858.373
Optimal log-likelihood: -40858.252
Rate parameters:  A-C: 1.15765  A-G: 3.24536  A-T: 1.42784  C-G: 0.74479  C-T: 4.97166  G-T: 1.00000
Base frequencies:  A: 0.270  C: 0.215  G: 0.147  T: 0.369
Site proportion and rates:  (0.389,0.043) (0.029,0.274) (0.047,0.301) (0.048,0.510) (0.187,0.998) (0.156,1.725) (0.144,3.343)
Parameters optimization took 11 rounds (4.601 sec)
Computing ML distances based on estimated model parameters... 0.145 sec
Computing BIONJ tree...
0.007 seconds
Log-likelihood of BIONJ tree: -40631.087
--------------------------------------------------------------------
|             INITIALIZING CANDIDATE TREE SET                      |
--------------------------------------------------------------------
Generating 98 parsimony trees... 1.048 second
Computing log-likelihood of 98 initial trees ... 3.692 seconds
Current best score: -40631.087

Do NNI search on 20 best initial trees
Estimate model parameters (epsilon = 0.100)
BETTER TREE FOUND at iteration 1: -40499.406
Estimate model parameters (epsilon = 0.100)
BETTER TREE FOUND at iteration 4: -40444.369
Iteration 10 / LogL: -40485.972 / Time: 0h:0m:21s
Iteration 20 / LogL: -40543.074 / Time: 0h:0m:25s
Finish initializing candidate tree set (20)
Current best tree score: -40444.369 / CPU time: 20.836
Number of iterations: 20
--------------------------------------------------------------------
|               OPTIMIZING CANDIDATE TREE SET                      |
--------------------------------------------------------------------
Estimate model parameters (epsilon = 0.100)
BETTER TREE FOUND at iteration 22: -40439.503
Iteration 30 / LogL: -40468.447 / Time: 0h:0m:30s (0h:1m:37s left)
Estimate model parameters (epsilon = 0.100)
BETTER TREE FOUND at iteration 34: -40420.537
Estimate model parameters (epsilon = 0.100)
BETTER TREE FOUND at iteration 35: -40407.753
Iteration 40 / LogL: -40413.581 / Time: 0h:0m:44s (0h:1m:48s left)
Estimate model parameters (epsilon = 0.100)
BETTER TREE FOUND at iteration 42: -40391.494
Estimate model parameters (epsilon = 0.100)
BETTER TREE FOUND at iteration 43: -40386.952
BETTER TREE FOUND at iteration 45: -40386.945
Estimate model parameters (epsilon = 0.100)
BETTER TREE FOUND at iteration 48: -40381.509
Iteration 50 / LogL: -40383.906 / Time: 0h:0m:53s (0h:1m:46s left)
Iteration 60 / LogL: -40384.673 / Time: 0h:0m:57s (0h:1m:25s left)
Estimate model parameters (epsilon = 0.100)
BETTER TREE FOUND at iteration 64: -40379.209
Estimate model parameters (epsilon = 0.100)
BETTER TREE FOUND at iteration 68: -40375.910
Iteration 70 / LogL: -40377.016 / Time: 0h:1m:3s (0h:1m:30s left)
Estimate model parameters (epsilon = 0.100)
BETTER TREE FOUND at iteration 71: -40366.752
Iteration 80 / LogL: -40374.192 / Time: 0h:1m:8s (0h:1m:18s left)
Estimate model parameters (epsilon = 0.100)
BETTER TREE FOUND at iteration 82: -40365.929
Iteration 90 / LogL: -40372.029 / Time: 0h:1m:12s (0h:1m:15s left)
Iteration 100 / LogL: -40366.649 / Time: 0h:1m:16s (0h:1m:3s left)
Iteration 110 / LogL: -40366.676 / Time: 0h:1m:20s (0h:0m:53s left)
Estimate model parameters (epsilon = 0.100)
BETTER TREE FOUND at iteration 120: -40363.701
Iteration 120 / LogL: -40363.701 / Time: 0h:1m:26s (0h:1m:12s left)
Iteration 130 / LogL: -40392.019 / Time: 0h:1m:30s (0h:1m:3s left)
Iteration 140 / LogL: -40369.511 / Time: 0h:1m:34s (0h:0m:54s left)
Iteration 150 / LogL: -40372.248 / Time: 0h:1m:38s (0h:0m:46s left)
Iteration 160 / LogL: -40365.672 / Time: 0h:1m:42s (0h:0m:38s left)
Iteration 170 / LogL: -40363.921 / Time: 0h:1m:46s (0h:0m:31s left)
Iteration 180 / LogL: -40368.396 / Time: 0h:1m:50s (0h:0m:24s left)
Iteration 190 / LogL: -40363.762 / Time: 0h:1m:54s (0h:0m:18s left)
Estimate model parameters (epsilon = 0.100)
BETTER TREE FOUND at iteration 195: -40362.703
Iteration 200 / LogL: -40362.730 / Time: 0h:1m:59s (0h:0m:56s left)
Iteration 210 / LogL: -40363.256 / Time: 0h:2m:3s (0h:0m:50s left)
Iteration 220 / LogL: -40377.839 / Time: 0h:2m:7s (0h:0m:43s left)
Iteration 230 / LogL: -40365.632 / Time: 0h:2m:11s (0h:0m:37s left)
Iteration 240 / LogL: -40374.095 / Time: 0h:2m:15s (0h:0m:31s left)
Iteration 250 / LogL: -40367.626 / Time: 0h:2m:19s (0h:0m:25s left)
Iteration 260 / LogL: -40370.976 / Time: 0h:2m:23s (0h:0m:19s left)
Iteration 270 / LogL: -40369.212 / Time: 0h:2m:27s (0h:0m:13s left)
Iteration 280 / LogL: -40364.664 / Time: 0h:2m:31s (0h:0m:8s left)
Iteration 290 / LogL: -40374.487 / Time: 0h:2m:35s (0h:0m:2s left)
TREE SEARCH COMPLETED AFTER 296 ITERATIONS / Time: 0h:2m:37s

--------------------------------------------------------------------
|                    FINALIZING TREE SEARCH                        |
--------------------------------------------------------------------
Performs final model parameters optimization
Estimate model parameters (epsilon = 0.010)
1. Initial log-likelihood: -40362.703
2. Current log-likelihood: -40362.212
3. Current log-likelihood: -40362.076
4. Current log-likelihood: -40362.034
5. Current log-likelihood: -40361.978
6. Current log-likelihood: -40361.964
7. Current log-likelihood: -40361.906
8. Current log-likelihood: -40361.857
Optimal log-likelihood: -40361.847
Rate parameters:  A-C: 1.18486  A-G: 3.27340  A-T: 1.33525  C-G: 0.69981  C-T: 5.70638  G-T: 1.00000
Base frequencies:  A: 0.270  C: 0.215  G: 0.147  T: 0.369
Site proportion and rates:  (0.361,0.017) (0.048,0.129) (0.081,0.292) (0.085,0.654) (0.189,1.076) (0.123,2.013) (0.113,4.055)
Parameters optimization took 8 rounds (2.479 sec)
BEST SCORE FOUND : -40361.847
Total tree length: 34.883

Total number of iterations: 296
CPU time used for tree search: 152.259 sec (0h:2m:32s)
Wall-clock time used for tree search: 152.489 sec (0h:2m:32s)
Total CPU time used: 159.617 sec (0h:2m:39s)
Total wall-clock time used: 159.870 sec (0h:2m:39s)

Analysis results written to: 
  IQ-TREE report:                COI-aligned-mafft.fasta.iqtree
  Maximum-likelihood tree:       COI-aligned-mafft.fasta.treefile
  Likelihood distances:          COI-aligned-mafft.fasta.mldist
  Screen log file:               COI-aligned-mafft.fasta.log

Date and Time: Sun Mar 26 18:54:08 2023
